2025-05-25 00:23:53,827 - aggregator_proc - INFO - logger:62 - Logger 'aggregator_proc' configured. Logging to file: /Users/jeremy/ai-altcoin-aggregator/data/processor.log
2025-05-25 00:31:45,079 - aggregator_proc - CRITICAL - aggregator:30 - AGGREGATOR_PROC LOGGER INITIALIZED IN aggregator.py
2025-05-25 00:32:36,759 - aggregator_proc - INFO - aggregator:117 - Generating Top Coins Report for week ending 2025-05-24 (Top 3)
2025-05-25 00:32:36,764 - aggregator_proc - INFO - aggregator:171 - Saving report to database: Start=2025-05-18, End=2025-05-24, Report=[{"symbol": "BTC", "average_score": 1.0}, {"symbol": "SOL", "average_score": 1.0}, {"symbol": "ETH", "average_score": 0.93}]
2025-05-25 00:32:36,765 - aggregator_proc - INFO - aggregator:173 - Weekly top coins report saved successfully.
2025-05-25 00:34:45,856 - aggregator_proc - CRITICAL - aggregator:115 - TOP_COINS_REPORT FUNCTION ENTERED with week_end_date: 2025-05-24, top_n parameter: 3
2025-05-25 00:34:45,856 - aggregator_proc - INFO - aggregator:119 - Generating Top Coins Report for week ending 2025-05-24 (Top 3)
2025-05-25 00:34:45,860 - aggregator_proc - INFO - aggregator:173 - Saving report to database: Start=2025-05-18, End=2025-05-24, Report=[{"symbol": "BTC", "average_score": 1.0}, {"symbol": "SOL", "average_score": 1.0}, {"symbol": "ETH", "average_score": 0.93}]
2025-05-25 00:34:45,862 - aggregator_proc - INFO - aggregator:175 - Weekly top coins report saved successfully.
2025-05-25 00:35:37,526 - aggregator_proc - INFO - aggregator:117 - Generating Top Coins Report for week ending 2025-05-24 (Top 3)
2025-05-25 00:35:37,531 - aggregator_proc - INFO - aggregator:171 - Saving report to database: Start=2025-05-18, End=2025-05-24, Report=[{"symbol": "BTC", "average_score": 1.0}, {"symbol": "SOL", "average_score": 1.0}, {"symbol": "ETH", "average_score": 0.93}]
2025-05-25 00:35:37,532 - aggregator_proc - INFO - aggregator:173 - Weekly top coins report saved successfully.
2025-05-25 00:37:46,127 - aggregator_proc - CRITICAL - aggregator:115 - TOP_COINS_REPORT FUNCTION ENTERED with week_end_date: 2025-05-24, top_n parameter: 3
2025-05-25 00:37:46,128 - aggregator_proc - INFO - aggregator:119 - Generating Top Coins Report for week ending 2025-05-24 (Top 3)
2025-05-25 00:37:46,129 - aggregator_proc - INFO - aggregator:173 - Saving report to database: Start=2025-05-18, End=2025-05-24, Report=[{"symbol": "BTC", "average_score": 1.0}, {"symbol": "SOL", "average_score": 1.0}, {"symbol": "ETH", "average_score": 0.93}]
2025-05-25 00:37:46,130 - aggregator_proc - INFO - aggregator:175 - Weekly top coins report saved successfully.
2025-05-25 00:38:37,988 - aggregator_proc - INFO - aggregator:117 - Generating Top Coins Report for week ending 2025-05-24 (Top 3)
2025-05-25 00:38:37,991 - aggregator_proc - INFO - aggregator:171 - Saving report to database: Start=2025-05-18, End=2025-05-24, Report=[{"symbol": "BTC", "average_score": 1.0}, {"symbol": "SOL", "average_score": 1.0}, {"symbol": "ETH", "average_score": 0.93}]
2025-05-25 00:38:37,992 - aggregator_proc - INFO - aggregator:173 - Weekly top coins report saved successfully.
2025-05-25 00:41:38,988 - aggregator_proc - INFO - aggregator:117 - Generating Top Coins Report for week ending 2025-05-24 (Top 3)
2025-05-25 00:41:38,991 - aggregator_proc - INFO - aggregator:171 - Saving report to database: Start=2025-05-18, End=2025-05-24, Report=[{"symbol": "BTC", "average_score": 1.0}, {"symbol": "SOL", "average_score": 1.0}, {"symbol": "ETH", "average_score": 0.93}]
2025-05-25 00:41:38,993 - aggregator_proc - INFO - aggregator:173 - Weekly top coins report saved successfully.
2025-05-25 00:44:39,664 - aggregator_proc - INFO - aggregator:117 - Generating Top Coins Report for week ending 2025-05-24 (Top 3)
2025-05-25 00:44:39,673 - aggregator_proc - INFO - aggregator:171 - Saving report to database: Start=2025-05-18, End=2025-05-24, Report=[{"symbol": "BTC", "average_score": 1.0}, {"symbol": "SOL", "average_score": 1.0}, {"symbol": "ETH", "average_score": 0.93}]
2025-05-25 00:44:39,674 - aggregator_proc - INFO - aggregator:173 - Weekly top coins report saved successfully.
2025-05-25 00:47:40,398 - aggregator_proc - INFO - aggregator:117 - Generating Top Coins Report for week ending 2025-05-24 (Top 3)
2025-05-25 00:47:40,403 - aggregator_proc - INFO - aggregator:171 - Saving report to database: Start=2025-05-18, End=2025-05-24, Report=[{"symbol": "BTC", "average_score": 1.0}, {"symbol": "SOL", "average_score": 1.0}, {"symbol": "ETH", "average_score": 0.93}]
2025-05-25 00:47:40,404 - aggregator_proc - INFO - aggregator:173 - Weekly top coins report saved successfully.
2025-05-25 00:50:41,059 - aggregator_proc - INFO - aggregator:117 - Generating Top Coins Report for week ending 2025-05-24 (Top 3)
2025-05-25 00:50:41,064 - aggregator_proc - INFO - aggregator:171 - Saving report to database: Start=2025-05-18, End=2025-05-24, Report=[{"symbol": "BTC", "average_score": 1.0}, {"symbol": "SOL", "average_score": 1.0}, {"symbol": "ETH", "average_score": 0.93}]
2025-05-25 00:50:41,066 - aggregator_proc - INFO - aggregator:173 - Weekly top coins report saved successfully.
2025-05-25 23:36:19,017 - aggregator_proc - INFO - aggregator:116 - Generating Top Coins Report for week ending 2025-05-25 (Top 3)
2025-05-25 23:36:19,025 - aggregator_proc - INFO - aggregator:170 - Saving report to database: Start=2025-05-19, End=2025-05-25, Report=[{"symbol": "LINK", "average_score": 75.04}, {"symbol": "LINK", "average_score": 75.04}, {"symbol": "UNI", "average_score": 72.115}]
2025-05-25 23:36:19,026 - aggregator_proc - INFO - aggregator:172 - Weekly top coins report saved successfully.
2025-05-25 23:39:19,109 - aggregator_proc - INFO - aggregator:116 - Generating Top Coins Report for week ending 2025-05-25 (Top 3)
2025-05-25 23:39:19,122 - aggregator_proc - INFO - aggregator:170 - Saving report to database: Start=2025-05-19, End=2025-05-25, Report=[{"symbol": "LINK", "average_score": 75.04}, {"symbol": "LINK", "average_score": 75.04}, {"symbol": "LINK", "average_score": 75.04}]
2025-05-25 23:39:19,123 - aggregator_proc - INFO - aggregator:172 - Weekly top coins report saved successfully.
2025-05-25 23:42:19,896 - aggregator_proc - INFO - aggregator:116 - Generating Top Coins Report for week ending 2025-05-25 (Top 3)
2025-05-25 23:42:19,922 - aggregator_proc - INFO - aggregator:170 - Saving report to database: Start=2025-05-19, End=2025-05-25, Report=[{"symbol": "LINK", "average_score": 75.038}, {"symbol": "LINK", "average_score": 75.038}, {"symbol": "LINK", "average_score": 75.038}]
2025-05-25 23:42:19,924 - aggregator_proc - INFO - aggregator:172 - Weekly top coins report saved successfully.
2025-05-25 23:45:19,973 - aggregator_proc - INFO - aggregator:116 - Generating Top Coins Report for week ending 2025-05-25 (Top 3)
2025-05-25 23:45:19,992 - aggregator_proc - INFO - aggregator:170 - Saving report to database: Start=2025-05-19, End=2025-05-25, Report=[{"symbol": "LINK", "average_score": 75.0214}, {"symbol": "LINK", "average_score": 75.0214}, {"symbol": "LINK", "average_score": 75.0214}]
2025-05-25 23:45:19,993 - aggregator_proc - INFO - aggregator:172 - Weekly top coins report saved successfully.
2025-05-25 23:48:20,431 - aggregator_proc - INFO - aggregator:116 - Generating Top Coins Report for week ending 2025-05-25 (Top 3)
2025-05-25 23:48:20,454 - aggregator_proc - INFO - aggregator:170 - Saving report to database: Start=2025-05-19, End=2025-05-25, Report=[{"symbol": "LINK", "average_score": 75.0178}, {"symbol": "LINK", "average_score": 75.0178}, {"symbol": "LINK", "average_score": 75.0178}]
2025-05-25 23:48:20,456 - aggregator_proc - INFO - aggregator:172 - Weekly top coins report saved successfully.
2025-05-25 23:51:33,149 - aggregator_proc - INFO - aggregator:116 - Generating Top Coins Report for week ending 2025-05-25 (Top 3)
2025-05-25 23:51:33,188 - aggregator_proc - INFO - aggregator:170 - Saving report to database: Start=2025-05-19, End=2025-05-25, Report=[{"symbol": "LINK", "average_score": 75.0125}, {"symbol": "LINK", "average_score": 75.0125}, {"symbol": "LINK", "average_score": 75.0125}]
2025-05-25 23:51:33,189 - aggregator_proc - INFO - aggregator:172 - Weekly top coins report saved successfully.
2025-05-25 23:54:33,396 - aggregator_proc - INFO - aggregator:116 - Generating Top Coins Report for week ending 2025-05-25 (Top 3)
2025-05-25 23:54:33,433 - aggregator_proc - INFO - aggregator:170 - Saving report to database: Start=2025-05-19, End=2025-05-25, Report=[{"symbol": "LINK", "average_score": 75.0093}, {"symbol": "LINK", "average_score": 75.0093}, {"symbol": "LINK", "average_score": 75.0093}]
2025-05-25 23:54:33,434 - aggregator_proc - INFO - aggregator:172 - Weekly top coins report saved successfully.
2025-05-25 23:57:34,169 - aggregator_proc - INFO - aggregator:116 - Generating Top Coins Report for week ending 2025-05-25 (Top 3)
2025-05-25 23:57:34,215 - aggregator_proc - INFO - aggregator:170 - Saving report to database: Start=2025-05-19, End=2025-05-25, Report=[{"symbol": "LINK", "average_score": 75.005}, {"symbol": "LINK", "average_score": 75.005}, {"symbol": "LINK", "average_score": 75.005}]
2025-05-25 23:57:34,216 - aggregator_proc - INFO - aggregator:172 - Weekly top coins report saved successfully.
2025-05-26 00:00:34,407 - aggregator_proc - INFO - aggregator:116 - Generating Top Coins Report for week ending 2025-05-25 (Top 3)
2025-05-26 00:00:34,452 - aggregator_proc - INFO - aggregator:170 - Saving report to database: Start=2025-05-19, End=2025-05-25, Report=[{"symbol": "LINK", "average_score": 75.0022}, {"symbol": "LINK", "average_score": 75.0022}, {"symbol": "LINK", "average_score": 75.0022}]
2025-05-26 00:00:34,454 - aggregator_proc - INFO - aggregator:172 - Weekly top coins report saved successfully.
2025-05-26 00:03:35,034 - aggregator_proc - INFO - aggregator:116 - Generating Top Coins Report for week ending 2025-05-25 (Top 3)
2025-05-26 00:03:35,090 - aggregator_proc - INFO - aggregator:170 - Saving report to database: Start=2025-05-19, End=2025-05-25, Report=[{"symbol": "LINK", "average_score": 75.0005}, {"symbol": "LINK", "average_score": 75.0005}, {"symbol": "LINK", "average_score": 75.0005}]
2025-05-26 00:03:35,091 - aggregator_proc - INFO - aggregator:172 - Weekly top coins report saved successfully.
2025-05-26 00:06:54,962 - aggregator_proc - INFO - aggregator:116 - Generating Top Coins Report for week ending 2025-05-25 (Top 3)
2025-05-26 00:06:55,018 - aggregator_proc - INFO - aggregator:170 - Saving report to database: Start=2025-05-19, End=2025-05-25, Report=[{"symbol": "LINK", "average_score": 74.9936}, {"symbol": "LINK", "average_score": 74.9936}, {"symbol": "LINK", "average_score": 74.9936}]
2025-05-26 00:06:55,020 - aggregator_proc - INFO - aggregator:172 - Weekly top coins report saved successfully.
2025-05-26 00:09:55,751 - aggregator_proc - INFO - aggregator:116 - Generating Top Coins Report for week ending 2025-05-25 (Top 3)
2025-05-26 00:09:55,801 - aggregator_proc - INFO - aggregator:170 - Saving report to database: Start=2025-05-19, End=2025-05-25, Report=[{"symbol": "LINK", "average_score": 74.9883}, {"symbol": "LINK", "average_score": 74.9883}, {"symbol": "LINK", "average_score": 74.9883}]
2025-05-26 00:09:55,802 - aggregator_proc - INFO - aggregator:172 - Weekly top coins report saved successfully.
2025-05-26 00:12:56,251 - aggregator_proc - INFO - aggregator:116 - Generating Top Coins Report for week ending 2025-05-25 (Top 3)
2025-05-26 00:12:56,311 - aggregator_proc - INFO - aggregator:170 - Saving report to database: Start=2025-05-19, End=2025-05-25, Report=[{"symbol": "LINK", "average_score": 74.9827}, {"symbol": "LINK", "average_score": 74.9827}, {"symbol": "LINK", "average_score": 74.9827}]
2025-05-26 00:12:56,312 - aggregator_proc - INFO - aggregator:172 - Weekly top coins report saved successfully.
2025-05-26 00:37:27,607 - aggregator_proc - INFO - aggregator:116 - Generating Top Coins Report for week ending 2025-05-25 (Top 3)
2025-05-26 00:37:27,609 - aggregator_proc - WARNING - aggregator:120 - No coin symbols found in the database. Cannot generate report.
2025-05-26 00:43:53,433 - aggregator_proc - INFO - aggregator:116 - Generating Top Coins Report for week ending 2025-05-25 (Top 3)
2025-05-26 00:43:53,436 - aggregator_proc - INFO - aggregator:170 - Saving report to database: Start=2025-05-19, End=2025-05-25, Report=[{"symbol": "BTC", "average_score": 93.88}, {"symbol": "ETH", "average_score": 89.44}, {"symbol": "SOL", "average_score": 84.75}]
2025-05-26 00:43:53,437 - aggregator_proc - INFO - aggregator:172 - Weekly top coins report saved successfully.
2025-05-26 00:44:19,930 - aggregator_proc - INFO - aggregator:116 - Generating Top Coins Report for week ending 2025-05-25 (Top 3)
2025-05-26 00:44:19,937 - aggregator_proc - INFO - aggregator:170 - Saving report to database: Start=2025-05-19, End=2025-05-25, Report=[{"symbol": "BTC", "average_score": 93.88}, {"symbol": "ETH", "average_score": 89.44}, {"symbol": "SOL", "average_score": 84.75}]
2025-05-26 00:44:19,938 - aggregator_proc - INFO - aggregator:172 - Weekly top coins report saved successfully.
2025-05-26 00:46:54,265 - aggregator_proc - INFO - aggregator:116 - Generating Top Coins Report for week ending 2025-05-25 (Top 3)
2025-05-26 00:46:54,273 - aggregator_proc - INFO - aggregator:170 - Saving report to database: Start=2025-05-19, End=2025-05-25, Report=[{"symbol": "BTC", "average_score": 93.88}, {"symbol": "ETH", "average_score": 89.44}, {"symbol": "SOL", "average_score": 84.7525}]
2025-05-26 00:46:54,274 - aggregator_proc - INFO - aggregator:172 - Weekly top coins report saved successfully.
2025-05-26 00:49:54,945 - aggregator_proc - INFO - aggregator:116 - Generating Top Coins Report for week ending 2025-05-25 (Top 3)
2025-05-26 00:49:54,953 - aggregator_proc - INFO - aggregator:170 - Saving report to database: Start=2025-05-19, End=2025-05-25, Report=[{"symbol": "BTC", "average_score": 93.8817}, {"symbol": "ETH", "average_score": 89.4417}, {"symbol": "SOL", "average_score": 84.7567}]
2025-05-26 00:49:54,954 - aggregator_proc - INFO - aggregator:172 - Weekly top coins report saved successfully.
2025-05-26 00:52:55,415 - aggregator_proc - INFO - aggregator:116 - Generating Top Coins Report for week ending 2025-05-25 (Top 3)
2025-05-26 00:52:55,422 - aggregator_proc - INFO - aggregator:170 - Saving report to database: Start=2025-05-19, End=2025-05-25, Report=[{"symbol": "BTC", "average_score": 93.8837}, {"symbol": "ETH", "average_score": 89.4437}, {"symbol": "SOL", "average_score": 84.76}]
2025-05-26 00:52:55,423 - aggregator_proc - INFO - aggregator:172 - Weekly top coins report saved successfully.
2025-05-26 00:56:08,073 - aggregator_proc - INFO - aggregator:116 - Generating Top Coins Report for week ending 2025-05-25 (Top 3)
2025-05-26 00:56:08,077 - aggregator_proc - INFO - aggregator:170 - Saving report to database: Start=2025-05-19, End=2025-05-25, Report=[{"symbol": "BTC", "average_score": 93.8855}, {"symbol": "ETH", "average_score": 89.4455}, {"symbol": "SOL", "average_score": 84.7627}]
2025-05-26 00:56:08,078 - aggregator_proc - INFO - aggregator:172 - Weekly top coins report saved successfully.
2025-05-26 00:59:08,901 - aggregator_proc - INFO - aggregator:116 - Generating Top Coins Report for week ending 2025-05-25 (Top 3)
2025-05-26 00:59:08,907 - aggregator_proc - INFO - aggregator:170 - Saving report to database: Start=2025-05-19, End=2025-05-25, Report=[{"symbol": "BTC", "average_score": 93.8862}, {"symbol": "ETH", "average_score": 89.4462}, {"symbol": "SOL", "average_score": 84.7638}]
2025-05-26 00:59:08,908 - aggregator_proc - INFO - aggregator:172 - Weekly top coins report saved successfully.
2025-05-27 09:02:21,752 - aggregator_proc - INFO - aggregator:168 - Generating Top Coins Report for week ending 2025-05-27 (Top 3)
2025-05-27 09:02:21,758 - aggregator_proc - INFO - aggregator:95 - TEMP DEBUG: Coin ID 6 (Symbol: None), Calculated Avg Score for week 2025-05-21-2025-05-27: 62.910000000000004
2025-05-27 09:02:21,760 - aggregator_proc - INFO - aggregator:95 - TEMP DEBUG: Coin ID 1 (Symbol: None), Calculated Avg Score for week 2025-05-21-2025-05-27: 93.92545454545456
2025-05-27 09:02:21,762 - aggregator_proc - INFO - aggregator:95 - TEMP DEBUG: Coin ID 8 (Symbol: None), Calculated Avg Score for week 2025-05-21-2025-05-27: None
2025-05-27 09:02:21,764 - aggregator_proc - INFO - aggregator:95 - TEMP DEBUG: Coin ID 7 (Symbol: None), Calculated Avg Score for week 2025-05-21-2025-05-27: None
2025-05-27 09:02:21,765 - aggregator_proc - INFO - aggregator:95 - TEMP DEBUG: Coin ID 2 (Symbol: None), Calculated Avg Score for week 2025-05-21-2025-05-27: 89.51727272727273
2025-05-27 09:02:21,767 - aggregator_proc - INFO - aggregator:95 - TEMP DEBUG: Coin ID 12 (Symbol: None), Calculated Avg Score for week 2025-05-21-2025-05-27: 72.14
2025-05-27 09:02:21,768 - aggregator_proc - INFO - aggregator:95 - TEMP DEBUG: Coin ID 4 (Symbol: None), Calculated Avg Score for week 2025-05-21-2025-05-27: 74.91333333333334
2025-05-27 09:02:21,769 - aggregator_proc - INFO - aggregator:95 - TEMP DEBUG: Coin ID 10 (Symbol: None), Calculated Avg Score for week 2025-05-21-2025-05-27: 58.14625
2025-05-27 09:02:21,770 - aggregator_proc - INFO - aggregator:95 - TEMP DEBUG: Coin ID 11 (Symbol: None), Calculated Avg Score for week 2025-05-21-2025-05-27: 69.975
2025-05-27 09:02:21,771 - aggregator_proc - INFO - aggregator:95 - TEMP DEBUG: Coin ID 3 (Symbol: None), Calculated Avg Score for week 2025-05-21-2025-05-27: 84.62681818181818
2025-05-27 09:02:21,772 - aggregator_proc - INFO - aggregator:95 - TEMP DEBUG: Coin ID 9 (Symbol: None), Calculated Avg Score for week 2025-05-21-2025-05-27: 57.77375
2025-05-27 09:02:21,773 - aggregator_proc - INFO - aggregator:95 - TEMP DEBUG: Coin ID 5 (Symbol: None), Calculated Avg Score for week 2025-05-21-2025-05-27: 72.19500000000001
2025-05-27 09:02:21,774 - aggregator_proc - INFO - aggregator:222 - Saving report to database: Start=2025-05-21, End=2025-05-27, Report=[{"symbol": "BTC", "average_score": 93.9255}, {"symbol": "ETH", "average_score": 89.5173}, {"symbol": "SOL", "average_score": 84.6268}]
2025-05-27 09:02:21,775 - aggregator_proc - INFO - aggregator:224 - Weekly top coins report saved successfully.
2025-05-27 10:32:44,761 - aggregator_proc - INFO - aggregator:309 - --- Testing Weekly Aggregator & Report Generation ---
2025-05-27 10:32:44,761 - aggregator_proc - INFO - aggregator:311 - Step 1: Initializing database and test data...
2025-05-27 10:32:44,763 - aggregator_proc - INFO - aggregator:35 - Clearing data from 'scores' table for testing...
2025-05-27 10:32:44,764 - aggregator_proc - INFO - aggregator:38 - 'scores' table cleared.
2025-05-27 10:32:44,764 - aggregator_proc - INFO - aggregator:45 - Clearing data from 'summaries' table for testing...
2025-05-27 10:32:44,765 - aggregator_proc - INFO - aggregator:48 - 'summaries' table cleared.
2025-05-27 10:32:44,768 - aggregator_proc - INFO - aggregator:321 - Database setup complete with coins from config.
2025-05-27 10:32:44,769 - aggregator_proc - WARNING - aggregator:330 - Could not get IDs for all expected test coins (BTC, ETH, SOL, ADA). Mock scores might be incomplete.
2025-05-27 10:32:44,769 - aggregator_proc - INFO - aggregator:333 - Step 2: Inserting mock scores for coins over the past week...
2025-05-27 10:32:44,826 - aggregator_proc - INFO - aggregator:351 - Inserted 21 total mock scores for available coins.
2025-05-27 10:32:44,826 - aggregator_proc - INFO - aggregator:357 - Step 4: Generating and saving the top coins report for the week ending today...
2025-05-27 10:32:44,826 - aggregator_proc - INFO - aggregator:168 - Generating Top Coins Report for week ending 2025-05-27 (Top 3)
2025-05-27 10:32:44,827 - aggregator_proc - INFO - aggregator:95 - TEMP DEBUG: Coin ID 1 (Symbol: None), Calculated Avg Score for week 2025-05-21-2025-05-27: 0.8333333333333334
2025-05-27 10:32:44,827 - aggregator_proc - INFO - aggregator:95 - TEMP DEBUG: Coin ID 2 (Symbol: None), Calculated Avg Score for week 2025-05-21-2025-05-27: 0.6885714285714286
2025-05-27 10:32:44,827 - aggregator_proc - INFO - aggregator:95 - TEMP DEBUG: Coin ID 7 (Symbol: None), Calculated Avg Score for week 2025-05-21-2025-05-27: None
2025-05-27 10:32:44,827 - aggregator_proc - INFO - aggregator:95 - TEMP DEBUG: Coin ID 5 (Symbol: None), Calculated Avg Score for week 2025-05-21-2025-05-27: None
2025-05-27 10:32:44,828 - aggregator_proc - INFO - aggregator:95 - TEMP DEBUG: Coin ID 6 (Symbol: None), Calculated Avg Score for week 2025-05-21-2025-05-27: None
2025-05-27 10:32:44,828 - aggregator_proc - INFO - aggregator:95 - TEMP DEBUG: Coin ID 3 (Symbol: None), Calculated Avg Score for week 2025-05-21-2025-05-27: 0.9185714285714285
2025-05-27 10:32:44,828 - aggregator_proc - INFO - aggregator:95 - TEMP DEBUG: Coin ID 4 (Symbol: None), Calculated Avg Score for week 2025-05-21-2025-05-27: None
2025-05-27 10:32:44,828 - aggregator_proc - INFO - aggregator:222 - Saving report to database: Start=2025-05-21, End=2025-05-27, Report=[{"symbol": "SOL", "average_score": 0.9186}, {"symbol": "BTC", "average_score": 0.8333}, {"symbol": "ETH", "average_score": 0.6886}]
2025-05-27 10:32:44,829 - aggregator_proc - INFO - aggregator:224 - Weekly top coins report saved successfully.
2025-05-27 10:32:45,262 - aggregator_proc - INFO - aggregator:149 - Successfully sent report to Discord: Top 3 Coins Report: Week Ending 2025-05-27
2025-05-27 10:32:45,262 - aggregator_proc - INFO - aggregator:360 - Attempted to save report. Verifying...
2025-05-27 10:32:45,263 - aggregator_proc - INFO - aggregator:364 - --- Latest Saved Report from DB ---
2025-05-27 10:32:45,263 - aggregator_proc - INFO - aggregator:365 - Week Start: 2025-05-21
2025-05-27 10:32:45,263 - aggregator_proc - INFO - aggregator:366 - Week End: 2025-05-27
2025-05-27 10:32:45,263 - aggregator_proc - INFO - aggregator:367 - Top Coins JSON: [{"symbol": "SOL", "average_score": 0.9186}, {"symbol": "BTC", "average_score": 0.8333}, {"symbol": "ETH", "average_score": 0.6886}]
2025-05-27 10:32:45,263 - aggregator_proc - INFO - aggregator:370 - Top Coins Parsed:
2025-05-27 10:32:45,263 - aggregator_proc - INFO - aggregator:372 -   1. Symbol: SOL, Avg Score: 0.9186
2025-05-27 10:32:45,263 - aggregator_proc - INFO - aggregator:372 -   2. Symbol: BTC, Avg Score: 0.8333
2025-05-27 10:32:45,263 - aggregator_proc - INFO - aggregator:372 -   3. Symbol: ETH, Avg Score: 0.6886
2025-05-27 10:32:45,263 - aggregator_proc - INFO - aggregator:380 - --- Aggregator & Report Test Finished ---
2025-05-27 10:32:45,263 - aggregator_proc - INFO - aggregator:382 - --- Aggregator Script Test Run ---
2025-05-27 10:32:45,263 - aggregator_proc - INFO - aggregator:250 - Generating top 3 coins report...
2025-05-27 10:32:45,263 - aggregator_proc - WARNING - aggregator:283 - No coin data or scores found to generate a top N report.
2025-05-27 10:32:45,263 - aggregator_proc - INFO - aggregator:250 - Generating top 1 coins report...
2025-05-27 10:32:45,263 - aggregator_proc - WARNING - aggregator:283 - No coin data or scores found to generate a top N report.
2025-05-27 10:32:45,263 - aggregator_proc - INFO - aggregator:410 - --- Aggregator Script Test Finished ---
2025-05-27 12:07:42,671 - aggregator_proc - INFO - aggregator:376 - --- Testing Daily Aggregator & Report Generation ---
2025-05-27 12:07:42,671 - aggregator_proc - INFO - aggregator:378 - Step 1: Initializing database and test data...
2025-05-27 12:07:42,675 - aggregator_proc - INFO - aggregator:35 - Clearing data from 'scores' table for testing...
2025-05-27 12:07:42,676 - aggregator_proc - INFO - aggregator:38 - 'scores' table cleared.
2025-05-27 12:07:42,676 - aggregator_proc - INFO - aggregator:45 - Clearing data from 'summaries' table for testing...
2025-05-27 12:07:42,678 - aggregator_proc - INFO - aggregator:48 - 'summaries' table cleared.
2025-05-27 12:07:42,684 - aggregator_proc - INFO - aggregator:388 - Database setup complete with coins from config.
2025-05-27 12:07:42,685 - aggregator_proc - WARNING - aggregator:397 - Could not get IDs for all expected test coins (BTC, ETH, SOL, ADA). Mock scores might be incomplete.
2025-05-27 12:07:42,685 - aggregator_proc - INFO - aggregator:400 - Step 2: Inserting mock scores for coins over the past week...
2025-05-27 12:07:42,747 - aggregator_proc - INFO - aggregator:453 - Inserted 0 total mock scores for available coins, some with sub_scores.
2025-05-27 12:07:42,747 - aggregator_proc - INFO - aggregator:459 - Step 4: Generating and saving the top coins report for today...
2025-05-27 12:07:42,747 - aggregator_proc - INFO - aggregator:219 - Generating Full Coin Report for Discord and Top 3 DB Summary for day 2025-05-27
2025-05-27 12:07:42,748 - aggregator_proc - INFO - aggregator:99 - Summary for Coin ID 1 on 2025-05-27: Score=None, HasSubScores=False
2025-05-27 12:07:42,752 - aggregator_proc - INFO - aggregator:99 - Summary for Coin ID 2 on 2025-05-27: Score=None, HasSubScores=False
2025-05-27 12:07:42,755 - aggregator_proc - INFO - aggregator:99 - Summary for Coin ID 7 on 2025-05-27: Score=None, HasSubScores=False
2025-05-27 12:07:42,755 - aggregator_proc - INFO - aggregator:99 - Summary for Coin ID 5 on 2025-05-27: Score=None, HasSubScores=False
2025-05-27 12:07:42,756 - aggregator_proc - INFO - aggregator:99 - Summary for Coin ID 6 on 2025-05-27: Score=None, HasSubScores=False
2025-05-27 12:07:42,756 - aggregator_proc - INFO - aggregator:99 - Summary for Coin ID 3 on 2025-05-27: Score=None, HasSubScores=False
2025-05-27 12:07:42,756 - aggregator_proc - INFO - aggregator:99 - Summary for Coin ID 4 on 2025-05-27: Score=None, HasSubScores=False
2025-05-27 12:07:42,756 - aggregator_proc - INFO - aggregator:248 - No coins had scorable data for the period. No report generated or sent.
2025-05-27 12:07:43,256 - aggregator_proc - INFO - aggregator:129 - Successfully sent empty report to Discord: Daily Coin Report: For 2025-05-27
2025-05-27 12:07:43,256 - aggregator_proc - WARNING - aggregator:480 - Report not saved as per generate_and_save_top_coins_report function logic.
2025-05-27 12:07:43,256 - aggregator_proc - INFO - aggregator:482 - --- Daily Aggregator & Report Test Finished ---
2025-05-27 12:07:43,257 - aggregator_proc - INFO - aggregator:484 - --- Aggregator Script Test Run ---
2025-05-27 12:07:43,257 - aggregator_proc - INFO - aggregator:317 - Generating top 3 coins report...
2025-05-27 12:07:43,257 - aggregator_proc - WARNING - aggregator:350 - No coin data or scores found to generate a top N report.
2025-05-27 12:07:43,257 - aggregator_proc - INFO - aggregator:317 - Generating top 1 coins report...
2025-05-27 12:07:43,257 - aggregator_proc - WARNING - aggregator:350 - No coin data or scores found to generate a top N report.
2025-05-27 12:07:43,257 - aggregator_proc - INFO - aggregator:512 - --- Aggregator Script Test Finished ---
2025-05-27 12:08:19,852 - aggregator_proc - INFO - aggregator:376 - --- Testing Daily Aggregator & Report Generation ---
2025-05-27 12:08:19,853 - aggregator_proc - INFO - aggregator:378 - Step 1: Initializing database and test data...
2025-05-27 12:08:19,856 - aggregator_proc - INFO - aggregator:35 - Clearing data from 'scores' table for testing...
2025-05-27 12:08:19,857 - aggregator_proc - INFO - aggregator:38 - 'scores' table cleared.
2025-05-27 12:08:19,857 - aggregator_proc - INFO - aggregator:45 - Clearing data from 'summaries' table for testing...
2025-05-27 12:08:19,858 - aggregator_proc - INFO - aggregator:48 - 'summaries' table cleared.
2025-05-27 12:08:19,864 - aggregator_proc - INFO - aggregator:388 - Database setup complete with coins from config.
2025-05-27 12:08:19,864 - aggregator_proc - WARNING - aggregator:397 - Could not get IDs for all expected test coins (BTC, ETH, SOL, ADA). Mock scores might be incomplete.
2025-05-27 12:08:19,864 - aggregator_proc - INFO - aggregator:400 - Step 2: Inserting mock scores for coins over the past week...
2025-05-27 12:08:19,868 - aggregator_proc - INFO - aggregator:453 - Inserted 0 total mock scores for available coins, some with sub_scores.
2025-05-27 12:08:19,868 - aggregator_proc - INFO - aggregator:459 - Step 4: Generating and saving the top coins report for today...
2025-05-27 12:08:19,868 - aggregator_proc - INFO - aggregator:219 - Generating Full Coin Report for Discord and Top 3 DB Summary for day 2025-05-27
2025-05-27 12:08:19,869 - aggregator_proc - INFO - aggregator:99 - Summary for Coin ID 1 on 2025-05-27: Score=None, HasSubScores=False
2025-05-27 12:08:19,870 - aggregator_proc - INFO - aggregator:99 - Summary for Coin ID 2 on 2025-05-27: Score=None, HasSubScores=False
2025-05-27 12:08:19,872 - aggregator_proc - INFO - aggregator:99 - Summary for Coin ID 7 on 2025-05-27: Score=None, HasSubScores=False
2025-05-27 12:08:19,872 - aggregator_proc - INFO - aggregator:99 - Summary for Coin ID 5 on 2025-05-27: Score=None, HasSubScores=False
2025-05-27 12:08:19,873 - aggregator_proc - INFO - aggregator:99 - Summary for Coin ID 6 on 2025-05-27: Score=None, HasSubScores=False
2025-05-27 12:08:19,873 - aggregator_proc - INFO - aggregator:99 - Summary for Coin ID 3 on 2025-05-27: Score=None, HasSubScores=False
2025-05-27 12:08:19,873 - aggregator_proc - INFO - aggregator:99 - Summary for Coin ID 4 on 2025-05-27: Score=None, HasSubScores=False
2025-05-27 12:08:19,873 - aggregator_proc - INFO - aggregator:248 - No coins had scorable data for the period. No report generated or sent.
2025-05-27 12:08:20,264 - aggregator_proc - INFO - aggregator:129 - Successfully sent empty report to Discord: Daily Coin Report: For 2025-05-27
2025-05-27 12:08:20,264 - aggregator_proc - WARNING - aggregator:480 - Report not saved as per generate_and_save_top_coins_report function logic.
2025-05-27 12:08:20,264 - aggregator_proc - INFO - aggregator:482 - --- Daily Aggregator & Report Test Finished ---
2025-05-27 12:08:20,264 - aggregator_proc - INFO - aggregator:484 - --- Aggregator Script Test Run ---
2025-05-27 12:08:20,264 - aggregator_proc - INFO - aggregator:317 - Generating top 3 coins report...
2025-05-27 12:08:20,265 - aggregator_proc - WARNING - aggregator:350 - No coin data or scores found to generate a top N report.
2025-05-27 12:08:20,265 - aggregator_proc - INFO - aggregator:317 - Generating top 1 coins report...
2025-05-27 12:08:20,265 - aggregator_proc - WARNING - aggregator:350 - No coin data or scores found to generate a top N report.
2025-05-27 12:08:20,265 - aggregator_proc - INFO - aggregator:512 - --- Aggregator Script Test Finished ---
2025-05-27 12:10:06,761 - aggregator_proc - INFO - aggregator:376 - --- Testing Daily Aggregator & Report Generation ---
2025-05-27 12:10:06,761 - aggregator_proc - INFO - aggregator:378 - Step 1: Initializing database and test data...
2025-05-27 12:10:06,765 - aggregator_proc - INFO - aggregator:35 - Clearing data from 'scores' table for testing...
2025-05-27 12:10:06,766 - aggregator_proc - INFO - aggregator:38 - 'scores' table cleared.
2025-05-27 12:10:06,766 - aggregator_proc - INFO - aggregator:45 - Clearing data from 'summaries' table for testing...
2025-05-27 12:10:06,767 - aggregator_proc - INFO - aggregator:48 - 'summaries' table cleared.
2025-05-27 12:10:06,774 - aggregator_proc - INFO - aggregator:388 - Database setup complete with coins from config.
2025-05-27 12:10:06,775 - aggregator_proc - WARNING - aggregator:397 - Could not get IDs for all expected test coins (BTC, ETH, SOL, ADA). Mock scores might be incomplete.
2025-05-27 12:10:06,775 - aggregator_proc - INFO - aggregator:400 - Step 2: Inserting mock scores for coins over the past week...
2025-05-27 12:10:06,793 - aggregator_proc - INFO - aggregator:453 - Inserted 21 total mock scores for available coins, some with sub_scores.
2025-05-27 12:10:06,793 - aggregator_proc - INFO - aggregator:459 - Step 4: Generating and saving the top coins report for today...
2025-05-27 12:10:06,793 - aggregator_proc - INFO - aggregator:219 - Generating Full Coin Report for Discord and Top 3 DB Summary for day 2025-05-27
2025-05-27 12:10:06,794 - aggregator_proc - INFO - aggregator:99 - Summary for Coin ID 1 on 2025-05-27: Score=0.8, HasSubScores=True
2025-05-27 12:10:06,795 - aggregator_proc - INFO - aggregator:99 - Summary for Coin ID 2 on 2025-05-27: Score=0.7, HasSubScores=True
2025-05-27 12:10:06,796 - aggregator_proc - INFO - aggregator:99 - Summary for Coin ID 7 on 2025-05-27: Score=None, HasSubScores=False
2025-05-27 12:10:06,796 - aggregator_proc - INFO - aggregator:99 - Summary for Coin ID 5 on 2025-05-27: Score=None, HasSubScores=False
2025-05-27 12:10:06,797 - aggregator_proc - INFO - aggregator:99 - Summary for Coin ID 6 on 2025-05-27: Score=None, HasSubScores=False
2025-05-27 12:10:06,798 - aggregator_proc - INFO - aggregator:99 - Summary for Coin ID 3 on 2025-05-27: Score=0.9, HasSubScores=True
2025-05-27 12:10:06,800 - aggregator_proc - INFO - aggregator:99 - Summary for Coin ID 4 on 2025-05-27: Score=None, HasSubScores=False
2025-05-27 12:10:06,800 - aggregator_proc - INFO - aggregator:285 - Saving Top 3 report to database: Date=2025-05-27, Report=[{"symbol": "SOL", "average_score": 0.9}, {"symbol": "BTC", "average_score": 0.8}, {"symbol": "ETH", "average_score": 0.7}]
2025-05-27 12:10:06,829 - aggregator_proc - INFO - aggregator:287 - Daily Top 3 coins summary saved successfully.
2025-05-27 12:10:07,210 - aggregator_proc - INFO - aggregator:202 - Successfully sent report to Discord: Daily Coin Scores Report: 2025-05-27
2025-05-27 12:10:07,210 - aggregator_proc - INFO - aggregator:462 - Attempted to save report. Verifying...
2025-05-27 12:10:07,210 - aggregator_proc - INFO - aggregator:467 - --- Latest Saved Report from DB ---
2025-05-27 12:10:07,210 - aggregator_proc - INFO - aggregator:468 - Date: 2025-05-27
2025-05-27 12:10:07,210 - aggregator_proc - INFO - aggregator:469 - Top Coins JSON: [{"symbol": "SOL", "average_score": 0.9}, {"symbol": "BTC", "average_score": 0.8}, {"symbol": "ETH", "average_score": 0.7}]
2025-05-27 12:10:07,210 - aggregator_proc - INFO - aggregator:472 - Top Coins Parsed:
2025-05-27 12:10:07,210 - aggregator_proc - INFO - aggregator:474 -   1. Symbol: SOL, Avg Score: 0.9
2025-05-27 12:10:07,211 - aggregator_proc - INFO - aggregator:474 -   2. Symbol: BTC, Avg Score: 0.8
2025-05-27 12:10:07,211 - aggregator_proc - INFO - aggregator:474 -   3. Symbol: ETH, Avg Score: 0.7
2025-05-27 12:10:07,211 - aggregator_proc - INFO - aggregator:482 - --- Daily Aggregator & Report Test Finished ---
2025-05-27 12:10:07,211 - aggregator_proc - INFO - aggregator:484 - --- Aggregator Script Test Run ---
2025-05-27 12:10:07,211 - aggregator_proc - INFO - aggregator:317 - Generating top 3 coins report...
2025-05-27 12:10:07,211 - aggregator_proc - INFO - aggregator:368 - Successfully generated report for top 3 coins.
2025-05-27 12:10:07,211 - aggregator_proc - INFO - aggregator:317 - Generating top 1 coins report...
2025-05-27 12:10:07,211 - aggregator_proc - INFO - aggregator:368 - Successfully generated report for top 1 coins.
2025-05-27 12:10:07,211 - aggregator_proc - INFO - aggregator:512 - --- Aggregator Script Test Finished ---
2025-05-27 12:11:48,454 - aggregator_proc - INFO - aggregator:376 - --- Testing Daily Aggregator & Report Generation ---
2025-05-27 12:11:48,455 - aggregator_proc - INFO - aggregator:378 - Step 1: Initializing database and test data...
2025-05-27 12:11:48,457 - aggregator_proc - INFO - aggregator:35 - Clearing data from 'scores' table for testing...
2025-05-27 12:11:48,458 - aggregator_proc - INFO - aggregator:38 - 'scores' table cleared.
2025-05-27 12:11:48,458 - aggregator_proc - INFO - aggregator:45 - Clearing data from 'summaries' table for testing...
2025-05-27 12:11:48,459 - aggregator_proc - INFO - aggregator:48 - 'summaries' table cleared.
2025-05-27 12:11:48,465 - aggregator_proc - INFO - aggregator:388 - Database setup complete with coins from config.
2025-05-27 12:11:48,466 - aggregator_proc - WARNING - aggregator:397 - Could not get IDs for all expected test coins (BTC, ETH, SOL, ADA). Mock scores might be incomplete.
2025-05-27 12:11:48,466 - aggregator_proc - INFO - aggregator:400 - Step 2: Inserting mock scores for coins over the past week...
2025-05-27 12:11:48,487 - aggregator_proc - INFO - aggregator:453 - Inserted 21 total mock scores for available coins, some with sub_scores.
2025-05-27 12:11:48,487 - aggregator_proc - INFO - aggregator:459 - Step 4: Generating and saving the top coins report for today...
2025-05-27 12:11:48,487 - aggregator_proc - INFO - aggregator:219 - Generating Full Coin Report for Discord and Top 3 DB Summary for day 2025-05-27
2025-05-27 12:11:48,492 - aggregator_proc - INFO - aggregator:99 - Summary for Coin ID 1 on 2025-05-27: Score=0.8, HasSubScores=True
2025-05-27 12:11:48,493 - aggregator_proc - INFO - aggregator:99 - Summary for Coin ID 2 on 2025-05-27: Score=0.7, HasSubScores=True
2025-05-27 12:11:48,493 - aggregator_proc - INFO - aggregator:99 - Summary for Coin ID 7 on 2025-05-27: Score=None, HasSubScores=False
2025-05-27 12:11:48,493 - aggregator_proc - INFO - aggregator:99 - Summary for Coin ID 5 on 2025-05-27: Score=None, HasSubScores=False
2025-05-27 12:11:48,494 - aggregator_proc - INFO - aggregator:99 - Summary for Coin ID 6 on 2025-05-27: Score=None, HasSubScores=False
2025-05-27 12:11:48,494 - aggregator_proc - INFO - aggregator:99 - Summary for Coin ID 3 on 2025-05-27: Score=0.9, HasSubScores=True
2025-05-27 12:11:48,494 - aggregator_proc - INFO - aggregator:99 - Summary for Coin ID 4 on 2025-05-27: Score=None, HasSubScores=False
2025-05-27 12:11:48,494 - aggregator_proc - INFO - aggregator:285 - Saving Top 3 report to database: Date=2025-05-27, Report=[{"symbol": "SOL", "average_score": 0.9}, {"symbol": "BTC", "average_score": 0.8}, {"symbol": "ETH", "average_score": 0.7}]
2025-05-27 12:11:48,495 - aggregator_proc - INFO - aggregator:287 - Daily Top 3 coins summary saved successfully.
2025-05-27 12:11:48,831 - aggregator_proc - INFO - aggregator:202 - Successfully sent report to Discord: Daily Coin Scores Report: 2025-05-27
2025-05-27 12:11:48,831 - aggregator_proc - INFO - aggregator:462 - Attempted to save report. Verifying...
2025-05-27 12:11:48,832 - aggregator_proc - INFO - aggregator:467 - --- Latest Saved Report from DB ---
2025-05-27 12:11:48,832 - aggregator_proc - INFO - aggregator:468 - Date: 2025-05-27
2025-05-27 12:11:48,832 - aggregator_proc - INFO - aggregator:469 - Top Coins JSON: [{"symbol": "SOL", "average_score": 0.9}, {"symbol": "BTC", "average_score": 0.8}, {"symbol": "ETH", "average_score": 0.7}]
2025-05-27 12:11:48,832 - aggregator_proc - INFO - aggregator:472 - Top Coins Parsed:
2025-05-27 12:11:48,832 - aggregator_proc - INFO - aggregator:474 -   1. Symbol: SOL, Avg Score: 0.9
2025-05-27 12:11:48,832 - aggregator_proc - INFO - aggregator:474 -   2. Symbol: BTC, Avg Score: 0.8
2025-05-27 12:11:48,832 - aggregator_proc - INFO - aggregator:474 -   3. Symbol: ETH, Avg Score: 0.7
2025-05-27 12:11:48,832 - aggregator_proc - INFO - aggregator:482 - --- Daily Aggregator & Report Test Finished ---
2025-05-27 12:11:48,832 - aggregator_proc - INFO - aggregator:484 - --- Aggregator Script Test Run ---
2025-05-27 12:11:48,832 - aggregator_proc - INFO - aggregator:317 - Generating top 3 coins report...
2025-05-27 12:11:48,832 - aggregator_proc - INFO - aggregator:368 - Successfully generated report for top 3 coins.
2025-05-27 12:11:48,832 - aggregator_proc - INFO - aggregator:317 - Generating top 1 coins report...
2025-05-27 12:11:48,833 - aggregator_proc - INFO - aggregator:368 - Successfully generated report for top 1 coins.
2025-05-27 12:11:48,833 - aggregator_proc - INFO - aggregator:512 - --- Aggregator Script Test Finished ---
