2025-05-25 00:05:39,002 - scheduler_app - INFO - logger:62 - Logger 'scheduler_app' configured. Logging to file: /Users/jeremy/ai-altcoin-aggregator/data/scheduler.log
2025-05-25 00:05:39,002 - scheduler_app - INFO - scheduler:75 - Scheduler script started directly.
2025-05-25 00:05:39,002 - scheduler_app - INFO - scheduler:77 - Initializing database for scheduler test run...
2025-05-25 00:05:39,008 - scheduler_app - INFO - scheduler:87 - Loaded 3 test coins for scheduler test run.
2025-05-25 00:05:39,009 - scheduler_app - INFO - scheduler:91 - Starting the scheduler...
2025-05-25 00:05:39,009 - scheduler_app - INFO - scheduler:57 - Scheduler started. Setting up jobs...
2025-05-25 00:05:39,009 - scheduler_app - INFO - scheduler:62 - Scheduled 'run_hourly_data_pipeline' to run every 1 minute.
2025-05-25 00:05:39,009 - scheduler_app - INFO - scheduler:67 - Scheduled 'weekly_summary_task' to run every 3 minutes.
2025-05-25 00:05:39,009 - scheduler_app - INFO - scheduler:69 - Scheduler is now running. Press Ctrl+C to exit.
2025-05-25 00:06:39,269 - scheduler_app - INFO - scheduler:26 - --- Hourly Data Pipeline Started ---
2025-05-25 00:06:39,271 - scheduler_app - INFO - scheduler:33 - Found 3 coin(s) to process: ['BTC', 'ETH', 'SOL']
2025-05-25 00:06:39,271 - scheduler_app - INFO - scheduler:36 - Processing symbol: B as part of hourly pipeline...
2025-05-25 00:06:39,272 - scheduler_app - INFO - scheduler:39 - Successfully processed symbol: B
2025-05-25 00:06:39,272 - scheduler_app - INFO - scheduler:36 - Processing symbol: E as part of hourly pipeline...
2025-05-25 00:06:39,272 - scheduler_app - INFO - scheduler:39 - Successfully processed symbol: E
2025-05-25 00:06:39,272 - scheduler_app - INFO - scheduler:36 - Processing symbol: S as part of hourly pipeline...
2025-05-25 00:06:39,273 - scheduler_app - INFO - scheduler:39 - Successfully processed symbol: S
2025-05-25 00:06:39,273 - scheduler_app - INFO - scheduler:42 - --- Hourly Data Pipeline Finished ---
2025-05-25 00:07:39,506 - scheduler_app - INFO - scheduler:26 - --- Hourly Data Pipeline Started ---
2025-05-25 00:07:39,512 - scheduler_app - INFO - scheduler:33 - Found 3 coin(s) to process: ['BTC', 'ETH', 'SOL']
2025-05-25 00:07:39,512 - scheduler_app - INFO - scheduler:36 - Processing symbol: B as part of hourly pipeline...
2025-05-25 00:07:39,512 - scheduler_app - INFO - scheduler:39 - Successfully processed symbol: B
2025-05-25 00:07:39,512 - scheduler_app - INFO - scheduler:36 - Processing symbol: E as part of hourly pipeline...
2025-05-25 00:07:39,513 - scheduler_app - INFO - scheduler:39 - Successfully processed symbol: E
2025-05-25 00:07:39,513 - scheduler_app - INFO - scheduler:36 - Processing symbol: S as part of hourly pipeline...
2025-05-25 00:07:39,513 - scheduler_app - INFO - scheduler:39 - Successfully processed symbol: S
2025-05-25 00:07:39,513 - scheduler_app - INFO - scheduler:42 - --- Hourly Data Pipeline Finished ---
2025-05-25 00:08:39,752 - scheduler_app - INFO - scheduler:45 - --- Weekly Summary Task Started ---
2025-05-25 00:08:39,758 - scheduler_app - INFO - scheduler:49 - Generating weekly summary report for week ending: 2025-05-24
2025-05-25 00:08:39,759 - scheduler_app - ERROR - scheduler:53 - Error during weekly summary task: unsupported operand type(s) for -: 'str' and 'datetime.timedelta'
Traceback (most recent call last):
  File "/Users/jeremy/ai-altcoin-aggregator/src/utils/scheduler.py", line 50, in weekly_summary_task
    generate_and_save_top_coins_report(week_end_date=week_end_date, top_n=3)
  File "/Users/jeremy/ai-altcoin-aggregator/src/processors/aggregator.py", line 118, in generate_and_save_top_coins_report
    summary = get_weekly_summary_for_coin(coin_id, week_end_date)
              ^^^^^^^^^^^^^^^^^^^^^^^^^^^^^^^^^^^^^^^^^^^^^^^^^^^
  File "/Users/jeremy/ai-altcoin-aggregator/src/processors/aggregator.py", line 56, in get_weekly_summary_for_coin
    week_start_date = week_end_date - timedelta(days=6)
                      ~~~~~~~~~~~~~~^~~~~~~~~~~~~~~~~~~
TypeError: unsupported operand type(s) for -: 'str' and 'datetime.timedelta'
2025-05-25 00:08:39,765 - scheduler_app - INFO - scheduler:54 - --- Weekly Summary Task Finished ---
2025-05-25 00:08:39,765 - scheduler_app - INFO - scheduler:26 - --- Hourly Data Pipeline Started ---
2025-05-25 00:08:39,766 - scheduler_app - INFO - scheduler:33 - Found 3 coin(s) to process: ['BTC', 'ETH', 'SOL']
2025-05-25 00:08:39,766 - scheduler_app - INFO - scheduler:36 - Processing symbol: B as part of hourly pipeline...
2025-05-25 00:08:39,766 - scheduler_app - INFO - scheduler:39 - Successfully processed symbol: B
2025-05-25 00:08:39,767 - scheduler_app - INFO - scheduler:36 - Processing symbol: E as part of hourly pipeline...
2025-05-25 00:08:39,767 - scheduler_app - INFO - scheduler:39 - Successfully processed symbol: E
2025-05-25 00:08:39,767 - scheduler_app - INFO - scheduler:36 - Processing symbol: S as part of hourly pipeline...
2025-05-25 00:08:39,767 - scheduler_app - INFO - scheduler:39 - Successfully processed symbol: S
2025-05-25 00:08:39,767 - scheduler_app - INFO - scheduler:42 - --- Hourly Data Pipeline Finished ---
2025-05-25 00:09:39,982 - scheduler_app - INFO - scheduler:26 - --- Hourly Data Pipeline Started ---
2025-05-25 00:09:39,985 - scheduler_app - INFO - scheduler:33 - Found 3 coin(s) to process: ['BTC', 'ETH', 'SOL']
2025-05-25 00:09:39,985 - scheduler_app - INFO - scheduler:36 - Processing symbol: B as part of hourly pipeline...
2025-05-25 00:09:39,986 - scheduler_app - INFO - scheduler:39 - Successfully processed symbol: B
2025-05-25 00:09:39,986 - scheduler_app - INFO - scheduler:36 - Processing symbol: E as part of hourly pipeline...
2025-05-25 00:09:39,987 - scheduler_app - INFO - scheduler:39 - Successfully processed symbol: E
2025-05-25 00:09:39,987 - scheduler_app - INFO - scheduler:36 - Processing symbol: S as part of hourly pipeline...
2025-05-25 00:09:39,988 - scheduler_app - INFO - scheduler:39 - Successfully processed symbol: S
2025-05-25 00:09:39,988 - scheduler_app - INFO - scheduler:42 - --- Hourly Data Pipeline Finished ---
2025-05-25 00:10:31,190 - scheduler_app - INFO - scheduler:95 - Scheduler stopped by user (KeyboardInterrupt).
2025-05-25 00:10:31,191 - scheduler_app - INFO - scheduler:99 - Scheduler script finished.
2025-05-25 00:10:58,307 - scheduler_app - INFO - logger:62 - Logger 'scheduler_app' configured. Logging to file: /Users/jeremy/ai-altcoin-aggregator/data/scheduler.log
2025-05-25 00:10:58,308 - scheduler_app - INFO - scheduler:72 - Scheduler script started directly.
2025-05-25 00:10:58,308 - scheduler_app - INFO - scheduler:74 - Initializing database for scheduler test run...
2025-05-25 00:10:58,313 - scheduler_app - INFO - scheduler:84 - Loaded 3 test coins for scheduler test run.
2025-05-25 00:10:58,313 - scheduler_app - INFO - scheduler:88 - Starting the scheduler...
2025-05-25 00:10:58,313 - scheduler_app - INFO - scheduler:54 - Scheduler started. Setting up jobs...
2025-05-25 00:10:58,313 - scheduler_app - INFO - scheduler:59 - Scheduled 'run_hourly_data_pipeline' to run every 1 minute.
2025-05-25 00:10:58,313 - scheduler_app - INFO - scheduler:64 - Scheduled 'weekly_summary_task' to run every 3 minutes.
2025-05-25 00:10:58,313 - scheduler_app - INFO - scheduler:66 - Scheduler is now running. Press Ctrl+C to exit.
2025-05-25 00:11:58,562 - scheduler_app - INFO - scheduler:23 - --- Hourly Data Pipeline Started ---
2025-05-25 00:11:58,568 - scheduler_app - INFO - scheduler:31 - Found 3 coin(s) to process: ['B', 'E', 'S']
2025-05-25 00:11:58,569 - scheduler_app - INFO - scheduler:33 - Processing symbol: B as part of hourly pipeline...
2025-05-25 00:11:58,570 - scheduler_app - INFO - scheduler:36 - Successfully processed symbol: B
2025-05-25 00:11:58,570 - scheduler_app - INFO - scheduler:33 - Processing symbol: E as part of hourly pipeline...
2025-05-25 00:11:58,570 - scheduler_app - INFO - scheduler:36 - Successfully processed symbol: E
2025-05-25 00:11:58,570 - scheduler_app - INFO - scheduler:33 - Processing symbol: S as part of hourly pipeline...
2025-05-25 00:11:58,571 - scheduler_app - INFO - scheduler:36 - Successfully processed symbol: S
2025-05-25 00:11:58,571 - scheduler_app - INFO - scheduler:39 - --- Hourly Data Pipeline Finished ---
2025-05-25 00:12:58,837 - scheduler_app - INFO - scheduler:23 - --- Hourly Data Pipeline Started ---
2025-05-25 00:12:58,839 - scheduler_app - INFO - scheduler:31 - Found 3 coin(s) to process: ['B', 'E', 'S']
2025-05-25 00:12:58,839 - scheduler_app - INFO - scheduler:33 - Processing symbol: B as part of hourly pipeline...
2025-05-25 00:12:58,840 - scheduler_app - INFO - scheduler:36 - Successfully processed symbol: B
2025-05-25 00:12:58,840 - scheduler_app - INFO - scheduler:33 - Processing symbol: E as part of hourly pipeline...
2025-05-25 00:12:58,840 - scheduler_app - INFO - scheduler:36 - Successfully processed symbol: E
2025-05-25 00:12:58,840 - scheduler_app - INFO - scheduler:33 - Processing symbol: S as part of hourly pipeline...
2025-05-25 00:12:58,840 - scheduler_app - INFO - scheduler:36 - Successfully processed symbol: S
2025-05-25 00:12:58,840 - scheduler_app - INFO - scheduler:39 - --- Hourly Data Pipeline Finished ---
2025-05-25 00:13:59,085 - scheduler_app - INFO - scheduler:42 - --- Weekly Summary Task Started ---
2025-05-25 00:13:59,088 - scheduler_app - INFO - scheduler:46 - Generating weekly summary report for week ending: 2025-05-24
2025-05-25 00:13:59,093 - scheduler_app - INFO - scheduler:48 - Successfully generated and saved weekly summary report.
2025-05-25 00:13:59,093 - scheduler_app - INFO - scheduler:51 - --- Weekly Summary Task Finished ---
2025-05-25 00:13:59,093 - scheduler_app - INFO - scheduler:23 - --- Hourly Data Pipeline Started ---
2025-05-25 00:13:59,094 - scheduler_app - INFO - scheduler:31 - Found 3 coin(s) to process: ['B', 'E', 'S']
2025-05-25 00:13:59,094 - scheduler_app - INFO - scheduler:33 - Processing symbol: B as part of hourly pipeline...
2025-05-25 00:13:59,094 - scheduler_app - INFO - scheduler:36 - Successfully processed symbol: B
2025-05-25 00:13:59,094 - scheduler_app - INFO - scheduler:33 - Processing symbol: E as part of hourly pipeline...
2025-05-25 00:13:59,094 - scheduler_app - INFO - scheduler:36 - Successfully processed symbol: E
2025-05-25 00:13:59,094 - scheduler_app - INFO - scheduler:33 - Processing symbol: S as part of hourly pipeline...
2025-05-25 00:13:59,095 - scheduler_app - INFO - scheduler:36 - Successfully processed symbol: S
2025-05-25 00:13:59,095 - scheduler_app - INFO - scheduler:39 - --- Hourly Data Pipeline Finished ---
2025-05-25 00:14:59,374 - scheduler_app - INFO - scheduler:23 - --- Hourly Data Pipeline Started ---
2025-05-25 00:14:59,378 - scheduler_app - INFO - scheduler:31 - Found 3 coin(s) to process: ['B', 'E', 'S']
2025-05-25 00:14:59,378 - scheduler_app - INFO - scheduler:33 - Processing symbol: B as part of hourly pipeline...
2025-05-25 00:14:59,378 - scheduler_app - INFO - scheduler:36 - Successfully processed symbol: B
2025-05-25 00:14:59,378 - scheduler_app - INFO - scheduler:33 - Processing symbol: E as part of hourly pipeline...
2025-05-25 00:14:59,378 - scheduler_app - INFO - scheduler:36 - Successfully processed symbol: E
2025-05-25 00:14:59,378 - scheduler_app - INFO - scheduler:33 - Processing symbol: S as part of hourly pipeline...
2025-05-25 00:14:59,379 - scheduler_app - INFO - scheduler:36 - Successfully processed symbol: S
2025-05-25 00:14:59,379 - scheduler_app - INFO - scheduler:39 - --- Hourly Data Pipeline Finished ---
2025-05-25 00:15:59,627 - scheduler_app - INFO - scheduler:23 - --- Hourly Data Pipeline Started ---
2025-05-25 00:15:59,630 - scheduler_app - INFO - scheduler:31 - Found 3 coin(s) to process: ['B', 'E', 'S']
2025-05-25 00:15:59,630 - scheduler_app - INFO - scheduler:33 - Processing symbol: B as part of hourly pipeline...
2025-05-25 00:15:59,631 - scheduler_app - INFO - scheduler:36 - Successfully processed symbol: B
2025-05-25 00:15:59,631 - scheduler_app - INFO - scheduler:33 - Processing symbol: E as part of hourly pipeline...
2025-05-25 00:15:59,632 - scheduler_app - INFO - scheduler:36 - Successfully processed symbol: E
2025-05-25 00:15:59,632 - scheduler_app - INFO - scheduler:33 - Processing symbol: S as part of hourly pipeline...
2025-05-25 00:15:59,632 - scheduler_app - INFO - scheduler:36 - Successfully processed symbol: S
2025-05-25 00:15:59,632 - scheduler_app - INFO - scheduler:39 - --- Hourly Data Pipeline Finished ---
2025-05-25 00:16:59,887 - scheduler_app - INFO - scheduler:42 - --- Weekly Summary Task Started ---
2025-05-25 00:16:59,887 - scheduler_app - INFO - scheduler:46 - Generating weekly summary report for week ending: 2025-05-24
2025-05-25 00:16:59,896 - scheduler_app - INFO - scheduler:48 - Successfully generated and saved weekly summary report.
2025-05-25 00:16:59,896 - scheduler_app - INFO - scheduler:51 - --- Weekly Summary Task Finished ---
2025-05-25 00:16:59,896 - scheduler_app - INFO - scheduler:23 - --- Hourly Data Pipeline Started ---
2025-05-25 00:16:59,896 - scheduler_app - INFO - scheduler:31 - Found 3 coin(s) to process: ['B', 'E', 'S']
2025-05-25 00:16:59,896 - scheduler_app - INFO - scheduler:33 - Processing symbol: B as part of hourly pipeline...
2025-05-25 00:16:59,896 - scheduler_app - INFO - scheduler:36 - Successfully processed symbol: B
2025-05-25 00:16:59,896 - scheduler_app - INFO - scheduler:33 - Processing symbol: E as part of hourly pipeline...
2025-05-25 00:16:59,897 - scheduler_app - INFO - scheduler:36 - Successfully processed symbol: E
2025-05-25 00:16:59,897 - scheduler_app - INFO - scheduler:33 - Processing symbol: S as part of hourly pipeline...
2025-05-25 00:16:59,897 - scheduler_app - INFO - scheduler:36 - Successfully processed symbol: S
2025-05-25 00:16:59,897 - scheduler_app - INFO - scheduler:39 - --- Hourly Data Pipeline Finished ---
2025-05-25 00:18:00,129 - scheduler_app - INFO - scheduler:23 - --- Hourly Data Pipeline Started ---
2025-05-25 00:18:00,131 - scheduler_app - INFO - scheduler:31 - Found 3 coin(s) to process: ['B', 'E', 'S']
2025-05-25 00:18:00,131 - scheduler_app - INFO - scheduler:33 - Processing symbol: B as part of hourly pipeline...
2025-05-25 00:18:00,132 - scheduler_app - INFO - scheduler:36 - Successfully processed symbol: B
2025-05-25 00:18:00,132 - scheduler_app - INFO - scheduler:33 - Processing symbol: E as part of hourly pipeline...
2025-05-25 00:18:00,132 - scheduler_app - INFO - scheduler:36 - Successfully processed symbol: E
2025-05-25 00:18:00,132 - scheduler_app - INFO - scheduler:33 - Processing symbol: S as part of hourly pipeline...
2025-05-25 00:18:00,132 - scheduler_app - INFO - scheduler:36 - Successfully processed symbol: S
2025-05-25 00:18:00,132 - scheduler_app - INFO - scheduler:39 - --- Hourly Data Pipeline Finished ---
2025-05-25 00:19:00,575 - scheduler_app - INFO - scheduler:23 - --- Hourly Data Pipeline Started ---
2025-05-25 00:19:00,578 - scheduler_app - INFO - scheduler:31 - Found 3 coin(s) to process: ['B', 'E', 'S']
2025-05-25 00:19:00,578 - scheduler_app - INFO - scheduler:33 - Processing symbol: B as part of hourly pipeline...
2025-05-25 00:19:00,579 - scheduler_app - INFO - scheduler:36 - Successfully processed symbol: B
2025-05-25 00:19:00,579 - scheduler_app - INFO - scheduler:33 - Processing symbol: E as part of hourly pipeline...
2025-05-25 00:19:00,580 - scheduler_app - INFO - scheduler:36 - Successfully processed symbol: E
2025-05-25 00:19:00,580 - scheduler_app - INFO - scheduler:33 - Processing symbol: S as part of hourly pipeline...
2025-05-25 00:19:00,580 - scheduler_app - INFO - scheduler:36 - Successfully processed symbol: S
2025-05-25 00:19:00,580 - scheduler_app - INFO - scheduler:39 - --- Hourly Data Pipeline Finished ---
2025-05-25 00:20:00,052 - scheduler_app - INFO - scheduler:42 - --- Weekly Summary Task Started ---
2025-05-25 00:20:00,052 - scheduler_app - INFO - scheduler:46 - Generating weekly summary report for week ending: 2025-05-24
2025-05-25 00:20:00,055 - scheduler_app - INFO - scheduler:48 - Successfully generated and saved weekly summary report.
2025-05-25 00:20:00,055 - scheduler_app - INFO - scheduler:51 - --- Weekly Summary Task Finished ---
2025-05-25 00:20:01,066 - scheduler_app - INFO - scheduler:23 - --- Hourly Data Pipeline Started ---
2025-05-25 00:20:01,066 - scheduler_app - INFO - scheduler:31 - Found 3 coin(s) to process: ['B', 'E', 'S']
2025-05-25 00:20:01,066 - scheduler_app - INFO - scheduler:33 - Processing symbol: B as part of hourly pipeline...
2025-05-25 00:20:01,066 - scheduler_app - INFO - scheduler:36 - Successfully processed symbol: B
2025-05-25 00:20:01,067 - scheduler_app - INFO - scheduler:33 - Processing symbol: E as part of hourly pipeline...
2025-05-25 00:20:01,067 - scheduler_app - INFO - scheduler:36 - Successfully processed symbol: E
2025-05-25 00:20:01,067 - scheduler_app - INFO - scheduler:33 - Processing symbol: S as part of hourly pipeline...
2025-05-25 00:20:01,067 - scheduler_app - INFO - scheduler:36 - Successfully processed symbol: S
2025-05-25 00:20:01,067 - scheduler_app - INFO - scheduler:39 - --- Hourly Data Pipeline Finished ---
2025-05-25 00:21:01,517 - scheduler_app - INFO - scheduler:23 - --- Hourly Data Pipeline Started ---
2025-05-25 00:21:01,518 - scheduler_app - INFO - scheduler:31 - Found 3 coin(s) to process: ['B', 'E', 'S']
2025-05-25 00:21:01,518 - scheduler_app - INFO - scheduler:33 - Processing symbol: B as part of hourly pipeline...
2025-05-25 00:21:01,519 - scheduler_app - INFO - scheduler:36 - Successfully processed symbol: B
2025-05-25 00:21:01,519 - scheduler_app - INFO - scheduler:33 - Processing symbol: E as part of hourly pipeline...
2025-05-25 00:21:01,519 - scheduler_app - INFO - scheduler:36 - Successfully processed symbol: E
2025-05-25 00:21:01,519 - scheduler_app - INFO - scheduler:33 - Processing symbol: S as part of hourly pipeline...
2025-05-25 00:21:01,519 - scheduler_app - INFO - scheduler:36 - Successfully processed symbol: S
2025-05-25 00:21:01,519 - scheduler_app - INFO - scheduler:39 - --- Hourly Data Pipeline Finished ---
2025-05-25 00:22:01,982 - scheduler_app - INFO - scheduler:23 - --- Hourly Data Pipeline Started ---
2025-05-25 00:22:01,984 - scheduler_app - INFO - scheduler:31 - Found 3 coin(s) to process: ['B', 'E', 'S']
2025-05-25 00:22:01,984 - scheduler_app - INFO - scheduler:33 - Processing symbol: B as part of hourly pipeline...
2025-05-25 00:22:01,985 - scheduler_app - INFO - scheduler:36 - Successfully processed symbol: B
2025-05-25 00:22:01,985 - scheduler_app - INFO - scheduler:33 - Processing symbol: E as part of hourly pipeline...
2025-05-25 00:22:01,986 - scheduler_app - INFO - scheduler:36 - Successfully processed symbol: E
2025-05-25 00:22:01,986 - scheduler_app - INFO - scheduler:33 - Processing symbol: S as part of hourly pipeline...
2025-05-25 00:22:01,986 - scheduler_app - INFO - scheduler:36 - Successfully processed symbol: S
2025-05-25 00:22:01,986 - scheduler_app - INFO - scheduler:39 - --- Hourly Data Pipeline Finished ---
2025-05-25 00:22:51,622 - scheduler_app - INFO - scheduler:92 - Scheduler stopped by user (KeyboardInterrupt).
2025-05-25 00:22:51,624 - scheduler_app - INFO - scheduler:96 - Scheduler script finished.
2025-05-25 00:23:53,827 - scheduler_app - INFO - logger:62 - Logger 'scheduler_app' configured. Logging to file: /Users/jeremy/ai-altcoin-aggregator/data/scheduler.log
2025-05-25 00:23:53,828 - scheduler_app - INFO - scheduler:71 - Scheduler script started directly.
2025-05-25 00:23:53,828 - scheduler_app - INFO - scheduler:73 - Initializing database for scheduler test run...
2025-05-25 00:23:53,834 - scheduler_app - INFO - scheduler:83 - Loaded 3 test coins for scheduler test run.
2025-05-25 00:23:53,834 - scheduler_app - INFO - scheduler:87 - Starting the scheduler...
2025-05-25 00:23:53,834 - scheduler_app - INFO - scheduler:53 - Scheduler started. Setting up jobs...
2025-05-25 00:23:53,834 - scheduler_app - INFO - scheduler:58 - Scheduled 'run_hourly_data_pipeline' to run every 1 minute.
2025-05-25 00:23:53,834 - scheduler_app - INFO - scheduler:63 - Scheduled 'weekly_summary_task' to run every 3 minutes.
2025-05-25 00:23:53,834 - scheduler_app - INFO - scheduler:65 - Scheduler is now running. Press Ctrl+C to exit.
2025-05-25 00:24:54,100 - scheduler_app - INFO - scheduler:23 - --- Hourly Data Pipeline Started ---
2025-05-25 00:24:54,103 - scheduler_app - INFO - scheduler:30 - Found 3 coin(s) to process: ['BTC', 'ETH', 'SOL']
2025-05-25 00:24:54,103 - scheduler_app - INFO - scheduler:32 - Processing symbol: BTC as part of hourly pipeline...
2025-05-25 00:24:54,105 - scheduler_app - INFO - scheduler:35 - Successfully processed symbol: BTC
2025-05-25 00:24:54,105 - scheduler_app - INFO - scheduler:32 - Processing symbol: ETH as part of hourly pipeline...
2025-05-25 00:24:54,106 - scheduler_app - INFO - scheduler:35 - Successfully processed symbol: ETH
2025-05-25 00:24:54,106 - scheduler_app - INFO - scheduler:32 - Processing symbol: SOL as part of hourly pipeline...
2025-05-25 00:24:54,107 - scheduler_app - INFO - scheduler:35 - Successfully processed symbol: SOL
2025-05-25 00:24:54,107 - scheduler_app - INFO - scheduler:38 - --- Hourly Data Pipeline Finished ---
2025-05-25 00:25:54,362 - scheduler_app - INFO - scheduler:23 - --- Hourly Data Pipeline Started ---
2025-05-25 00:25:54,366 - scheduler_app - INFO - scheduler:30 - Found 3 coin(s) to process: ['BTC', 'ETH', 'SOL']
2025-05-25 00:25:54,366 - scheduler_app - INFO - scheduler:32 - Processing symbol: BTC as part of hourly pipeline...
2025-05-25 00:25:54,370 - scheduler_app - INFO - scheduler:35 - Successfully processed symbol: BTC
2025-05-25 00:25:54,370 - scheduler_app - INFO - scheduler:32 - Processing symbol: ETH as part of hourly pipeline...
2025-05-25 00:25:54,373 - scheduler_app - INFO - scheduler:35 - Successfully processed symbol: ETH
2025-05-25 00:25:54,373 - scheduler_app - INFO - scheduler:32 - Processing symbol: SOL as part of hourly pipeline...
2025-05-25 00:25:54,375 - scheduler_app - INFO - scheduler:35 - Successfully processed symbol: SOL
2025-05-25 00:25:54,375 - scheduler_app - INFO - scheduler:38 - --- Hourly Data Pipeline Finished ---
2025-05-25 00:26:15,617 - scheduler_app - INFO - scheduler:91 - Scheduler stopped by user (KeyboardInterrupt).
2025-05-25 00:26:15,618 - scheduler_app - INFO - scheduler:95 - Scheduler script finished.
2025-05-25 00:29:36,030 - scheduler_app - INFO - scheduler:72 - Scheduler script started directly.
2025-05-25 00:29:36,031 - scheduler_app - INFO - scheduler:73 - Initializing database for scheduler test run...
2025-05-25 00:29:36,037 - scheduler_app - INFO - scheduler:78 - Loaded 5 test coins for scheduler test run from config.
2025-05-25 00:29:36,038 - scheduler_app - INFO - scheduler:82 - Starting the scheduler...
2025-05-25 00:29:36,038 - scheduler_app - INFO - scheduler:56 - Scheduler started. Setting up jobs...
2025-05-25 00:29:36,038 - scheduler_app - INFO - scheduler:60 - Scheduled 'run_hourly_data_pipeline' to run every 1 minute(s).
2025-05-25 00:29:36,038 - scheduler_app - INFO - scheduler:64 - Scheduled 'weekly_summary_task' to run every 3 minute(s).
2025-05-25 00:29:36,038 - scheduler_app - INFO - scheduler:66 - Scheduler is now running. Press Ctrl+C to exit.
2025-05-25 00:30:36,267 - scheduler_app - INFO - scheduler:26 - --- Hourly Data Pipeline Started ---
2025-05-25 00:30:36,269 - scheduler_app - INFO - scheduler:33 - Found 5 coin(s) to process: ['ADA', 'BTC', 'DOGE', 'ETH', 'SOL']
2025-05-25 00:30:36,269 - scheduler_app - INFO - scheduler:35 - Processing symbol: ADA as part of hourly pipeline...
2025-05-25 00:30:36,269 - scheduler_app - INFO - scheduler:38 - Successfully processed symbol: ADA
2025-05-25 00:30:36,270 - scheduler_app - INFO - scheduler:35 - Processing symbol: BTC as part of hourly pipeline...
2025-05-25 00:30:36,272 - scheduler_app - INFO - scheduler:38 - Successfully processed symbol: BTC
2025-05-25 00:30:36,272 - scheduler_app - INFO - scheduler:35 - Processing symbol: DOGE as part of hourly pipeline...
2025-05-25 00:30:36,272 - scheduler_app - INFO - scheduler:38 - Successfully processed symbol: DOGE
2025-05-25 00:30:36,272 - scheduler_app - INFO - scheduler:35 - Processing symbol: ETH as part of hourly pipeline...
2025-05-25 00:30:36,273 - scheduler_app - INFO - scheduler:38 - Successfully processed symbol: ETH
2025-05-25 00:30:36,273 - scheduler_app - INFO - scheduler:35 - Processing symbol: SOL as part of hourly pipeline...
2025-05-25 00:30:36,274 - scheduler_app - INFO - scheduler:38 - Successfully processed symbol: SOL
2025-05-25 00:30:36,274 - scheduler_app - INFO - scheduler:41 - --- Hourly Data Pipeline Finished ---
2025-05-25 00:31:36,501 - scheduler_app - INFO - scheduler:26 - --- Hourly Data Pipeline Started ---
2025-05-25 00:31:36,501 - scheduler_app - INFO - scheduler:33 - Found 5 coin(s) to process: ['ADA', 'BTC', 'DOGE', 'ETH', 'SOL']
2025-05-25 00:31:36,501 - scheduler_app - INFO - scheduler:35 - Processing symbol: ADA as part of hourly pipeline...
2025-05-25 00:31:36,502 - scheduler_app - INFO - scheduler:38 - Successfully processed symbol: ADA
2025-05-25 00:31:36,502 - scheduler_app - INFO - scheduler:35 - Processing symbol: BTC as part of hourly pipeline...
2025-05-25 00:31:36,503 - scheduler_app - INFO - scheduler:38 - Successfully processed symbol: BTC
2025-05-25 00:31:36,503 - scheduler_app - INFO - scheduler:35 - Processing symbol: DOGE as part of hourly pipeline...
2025-05-25 00:31:36,504 - scheduler_app - INFO - scheduler:38 - Successfully processed symbol: DOGE
2025-05-25 00:31:36,504 - scheduler_app - INFO - scheduler:35 - Processing symbol: ETH as part of hourly pipeline...
2025-05-25 00:31:36,506 - scheduler_app - INFO - scheduler:38 - Successfully processed symbol: ETH
2025-05-25 00:31:36,506 - scheduler_app - INFO - scheduler:35 - Processing symbol: SOL as part of hourly pipeline...
2025-05-25 00:31:36,507 - scheduler_app - INFO - scheduler:38 - Successfully processed symbol: SOL
2025-05-25 00:31:36,507 - scheduler_app - INFO - scheduler:41 - --- Hourly Data Pipeline Finished ---
2025-05-25 00:31:45,079 - scheduler_app - INFO - scheduler:72 - Scheduler script started directly.
2025-05-25 00:31:45,079 - scheduler_app - INFO - scheduler:73 - Initializing database for scheduler test run...
2025-05-25 00:31:45,083 - scheduler_app - INFO - scheduler:78 - Loaded 5 test coins for scheduler test run from config.
2025-05-25 00:31:45,083 - scheduler_app - INFO - scheduler:82 - Starting the scheduler...
2025-05-25 00:31:45,083 - scheduler_app - INFO - scheduler:56 - Scheduler started. Setting up jobs...
2025-05-25 00:31:45,083 - scheduler_app - INFO - scheduler:60 - Scheduled 'run_hourly_data_pipeline' to run every 1 minute(s).
2025-05-25 00:31:45,083 - scheduler_app - INFO - scheduler:64 - Scheduled 'weekly_summary_task' to run every 3 minute(s).
2025-05-25 00:31:45,083 - scheduler_app - INFO - scheduler:66 - Scheduler is now running. Press Ctrl+C to exit.
2025-05-25 00:32:36,759 - scheduler_app - INFO - scheduler:44 - --- Weekly Summary Task Started ---
2025-05-25 00:32:36,759 - scheduler_app - INFO - scheduler:48 - Generating weekly summary report for week ending: 2025-05-24
2025-05-25 00:32:36,765 - scheduler_app - INFO - scheduler:50 - Successfully generated and saved weekly summary report.
2025-05-25 00:32:36,765 - scheduler_app - INFO - scheduler:53 - --- Weekly Summary Task Finished ---
2025-05-25 00:32:36,766 - scheduler_app - INFO - scheduler:26 - --- Hourly Data Pipeline Started ---
2025-05-25 00:32:36,766 - scheduler_app - INFO - scheduler:33 - Found 5 coin(s) to process: ['ADA', 'BTC', 'DOGE', 'ETH', 'SOL']
2025-05-25 00:32:36,766 - scheduler_app - INFO - scheduler:35 - Processing symbol: ADA as part of hourly pipeline...
2025-05-25 00:32:36,766 - scheduler_app - INFO - scheduler:38 - Successfully processed symbol: ADA
2025-05-25 00:32:36,766 - scheduler_app - INFO - scheduler:35 - Processing symbol: BTC as part of hourly pipeline...
2025-05-25 00:32:36,767 - scheduler_app - INFO - scheduler:38 - Successfully processed symbol: BTC
2025-05-25 00:32:36,767 - scheduler_app - INFO - scheduler:35 - Processing symbol: DOGE as part of hourly pipeline...
2025-05-25 00:32:36,768 - scheduler_app - INFO - scheduler:38 - Successfully processed symbol: DOGE
2025-05-25 00:32:36,768 - scheduler_app - INFO - scheduler:35 - Processing symbol: ETH as part of hourly pipeline...
2025-05-25 00:32:36,769 - scheduler_app - INFO - scheduler:38 - Successfully processed symbol: ETH
2025-05-25 00:32:36,769 - scheduler_app - INFO - scheduler:35 - Processing symbol: SOL as part of hourly pipeline...
2025-05-25 00:32:36,770 - scheduler_app - INFO - scheduler:38 - Successfully processed symbol: SOL
2025-05-25 00:32:36,770 - scheduler_app - INFO - scheduler:41 - --- Hourly Data Pipeline Finished ---
2025-05-25 00:32:45,321 - scheduler_app - INFO - scheduler:26 - --- Hourly Data Pipeline Started ---
2025-05-25 00:32:45,326 - scheduler_app - INFO - scheduler:33 - Found 5 coin(s) to process: ['ADA', 'BTC', 'DOGE', 'ETH', 'SOL']
2025-05-25 00:32:45,326 - scheduler_app - INFO - scheduler:35 - Processing symbol: ADA as part of hourly pipeline...
2025-05-25 00:32:45,327 - scheduler_app - INFO - scheduler:38 - Successfully processed symbol: ADA
2025-05-25 00:32:45,327 - scheduler_app - INFO - scheduler:35 - Processing symbol: BTC as part of hourly pipeline...
2025-05-25 00:32:45,331 - scheduler_app - INFO - scheduler:38 - Successfully processed symbol: BTC
2025-05-25 00:32:45,331 - scheduler_app - INFO - scheduler:35 - Processing symbol: DOGE as part of hourly pipeline...
2025-05-25 00:32:45,332 - scheduler_app - INFO - scheduler:38 - Successfully processed symbol: DOGE
2025-05-25 00:32:45,332 - scheduler_app - INFO - scheduler:35 - Processing symbol: ETH as part of hourly pipeline...
2025-05-25 00:32:45,334 - scheduler_app - INFO - scheduler:38 - Successfully processed symbol: ETH
2025-05-25 00:32:45,334 - scheduler_app - INFO - scheduler:35 - Processing symbol: SOL as part of hourly pipeline...
2025-05-25 00:32:45,337 - scheduler_app - INFO - scheduler:38 - Successfully processed symbol: SOL
2025-05-25 00:32:45,337 - scheduler_app - INFO - scheduler:41 - --- Hourly Data Pipeline Finished ---
2025-05-25 00:33:37,025 - scheduler_app - INFO - scheduler:26 - --- Hourly Data Pipeline Started ---
2025-05-25 00:33:37,025 - scheduler_app - INFO - scheduler:33 - Found 5 coin(s) to process: ['ADA', 'BTC', 'DOGE', 'ETH', 'SOL']
2025-05-25 00:33:37,025 - scheduler_app - INFO - scheduler:35 - Processing symbol: ADA as part of hourly pipeline...
2025-05-25 00:33:37,025 - scheduler_app - INFO - scheduler:38 - Successfully processed symbol: ADA
2025-05-25 00:33:37,025 - scheduler_app - INFO - scheduler:35 - Processing symbol: BTC as part of hourly pipeline...
2025-05-25 00:33:37,027 - scheduler_app - INFO - scheduler:38 - Successfully processed symbol: BTC
2025-05-25 00:33:37,027 - scheduler_app - INFO - scheduler:35 - Processing symbol: DOGE as part of hourly pipeline...
2025-05-25 00:33:37,027 - scheduler_app - INFO - scheduler:38 - Successfully processed symbol: DOGE
2025-05-25 00:33:37,027 - scheduler_app - INFO - scheduler:35 - Processing symbol: ETH as part of hourly pipeline...
2025-05-25 00:33:37,029 - scheduler_app - INFO - scheduler:38 - Successfully processed symbol: ETH
2025-05-25 00:33:37,029 - scheduler_app - INFO - scheduler:35 - Processing symbol: SOL as part of hourly pipeline...
2025-05-25 00:33:37,030 - scheduler_app - INFO - scheduler:38 - Successfully processed symbol: SOL
2025-05-25 00:33:37,030 - scheduler_app - INFO - scheduler:41 - --- Hourly Data Pipeline Finished ---
2025-05-25 00:33:45,606 - scheduler_app - INFO - scheduler:26 - --- Hourly Data Pipeline Started ---
2025-05-25 00:33:45,607 - scheduler_app - INFO - scheduler:33 - Found 5 coin(s) to process: ['ADA', 'BTC', 'DOGE', 'ETH', 'SOL']
2025-05-25 00:33:45,607 - scheduler_app - INFO - scheduler:35 - Processing symbol: ADA as part of hourly pipeline...
2025-05-25 00:33:45,608 - scheduler_app - INFO - scheduler:38 - Successfully processed symbol: ADA
2025-05-25 00:33:45,608 - scheduler_app - INFO - scheduler:35 - Processing symbol: BTC as part of hourly pipeline...
2025-05-25 00:33:45,611 - scheduler_app - INFO - scheduler:38 - Successfully processed symbol: BTC
2025-05-25 00:33:45,611 - scheduler_app - INFO - scheduler:35 - Processing symbol: DOGE as part of hourly pipeline...
2025-05-25 00:33:45,611 - scheduler_app - INFO - scheduler:38 - Successfully processed symbol: DOGE
2025-05-25 00:33:45,611 - scheduler_app - INFO - scheduler:35 - Processing symbol: ETH as part of hourly pipeline...
2025-05-25 00:33:45,613 - scheduler_app - INFO - scheduler:38 - Successfully processed symbol: ETH
2025-05-25 00:33:45,613 - scheduler_app - INFO - scheduler:35 - Processing symbol: SOL as part of hourly pipeline...
2025-05-25 00:33:45,615 - scheduler_app - INFO - scheduler:38 - Successfully processed symbol: SOL
2025-05-25 00:33:45,615 - scheduler_app - INFO - scheduler:41 - --- Hourly Data Pipeline Finished ---
2025-05-25 00:34:37,274 - scheduler_app - INFO - scheduler:26 - --- Hourly Data Pipeline Started ---
2025-05-25 00:34:37,275 - scheduler_app - INFO - scheduler:33 - Found 5 coin(s) to process: ['ADA', 'BTC', 'DOGE', 'ETH', 'SOL']
2025-05-25 00:34:37,275 - scheduler_app - INFO - scheduler:35 - Processing symbol: ADA as part of hourly pipeline...
2025-05-25 00:34:37,275 - scheduler_app - INFO - scheduler:38 - Successfully processed symbol: ADA
2025-05-25 00:34:37,275 - scheduler_app - INFO - scheduler:35 - Processing symbol: BTC as part of hourly pipeline...
2025-05-25 00:34:37,277 - scheduler_app - INFO - scheduler:38 - Successfully processed symbol: BTC
2025-05-25 00:34:37,277 - scheduler_app - INFO - scheduler:35 - Processing symbol: DOGE as part of hourly pipeline...
2025-05-25 00:34:37,277 - scheduler_app - INFO - scheduler:38 - Successfully processed symbol: DOGE
2025-05-25 00:34:37,277 - scheduler_app - INFO - scheduler:35 - Processing symbol: ETH as part of hourly pipeline...
2025-05-25 00:34:37,279 - scheduler_app - INFO - scheduler:38 - Successfully processed symbol: ETH
2025-05-25 00:34:37,279 - scheduler_app - INFO - scheduler:35 - Processing symbol: SOL as part of hourly pipeline...
2025-05-25 00:34:37,281 - scheduler_app - INFO - scheduler:38 - Successfully processed symbol: SOL
2025-05-25 00:34:37,281 - scheduler_app - INFO - scheduler:41 - --- Hourly Data Pipeline Finished ---
2025-05-25 00:34:45,856 - scheduler_app - INFO - scheduler:44 - --- Weekly Summary Task Started ---
2025-05-25 00:34:45,856 - scheduler_app - INFO - scheduler:48 - Generating weekly summary report for week ending: 2025-05-24
2025-05-25 00:34:45,862 - scheduler_app - INFO - scheduler:50 - Successfully generated and saved weekly summary report.
2025-05-25 00:34:45,862 - scheduler_app - INFO - scheduler:53 - --- Weekly Summary Task Finished ---
2025-05-25 00:34:45,862 - scheduler_app - INFO - scheduler:26 - --- Hourly Data Pipeline Started ---
2025-05-25 00:34:45,863 - scheduler_app - INFO - scheduler:33 - Found 5 coin(s) to process: ['ADA', 'BTC', 'DOGE', 'ETH', 'SOL']
2025-05-25 00:34:45,863 - scheduler_app - INFO - scheduler:35 - Processing symbol: ADA as part of hourly pipeline...
2025-05-25 00:34:45,863 - scheduler_app - INFO - scheduler:38 - Successfully processed symbol: ADA
2025-05-25 00:34:45,863 - scheduler_app - INFO - scheduler:35 - Processing symbol: BTC as part of hourly pipeline...
2025-05-25 00:34:45,865 - scheduler_app - INFO - scheduler:38 - Successfully processed symbol: BTC
2025-05-25 00:34:45,865 - scheduler_app - INFO - scheduler:35 - Processing symbol: DOGE as part of hourly pipeline...
2025-05-25 00:34:45,866 - scheduler_app - INFO - scheduler:38 - Successfully processed symbol: DOGE
2025-05-25 00:34:45,866 - scheduler_app - INFO - scheduler:35 - Processing symbol: ETH as part of hourly pipeline...
2025-05-25 00:34:45,868 - scheduler_app - INFO - scheduler:38 - Successfully processed symbol: ETH
2025-05-25 00:34:45,868 - scheduler_app - INFO - scheduler:35 - Processing symbol: SOL as part of hourly pipeline...
2025-05-25 00:34:45,870 - scheduler_app - INFO - scheduler:38 - Successfully processed symbol: SOL
2025-05-25 00:34:45,870 - scheduler_app - INFO - scheduler:41 - --- Hourly Data Pipeline Finished ---
2025-05-25 00:35:37,526 - scheduler_app - INFO - scheduler:44 - --- Weekly Summary Task Started ---
2025-05-25 00:35:37,526 - scheduler_app - INFO - scheduler:48 - Generating weekly summary report for week ending: 2025-05-24
2025-05-25 00:35:37,532 - scheduler_app - INFO - scheduler:50 - Successfully generated and saved weekly summary report.
2025-05-25 00:35:37,532 - scheduler_app - INFO - scheduler:53 - --- Weekly Summary Task Finished ---
2025-05-25 00:35:37,532 - scheduler_app - INFO - scheduler:26 - --- Hourly Data Pipeline Started ---
2025-05-25 00:35:37,532 - scheduler_app - INFO - scheduler:33 - Found 5 coin(s) to process: ['ADA', 'BTC', 'DOGE', 'ETH', 'SOL']
2025-05-25 00:35:37,532 - scheduler_app - INFO - scheduler:35 - Processing symbol: ADA as part of hourly pipeline...
2025-05-25 00:35:37,533 - scheduler_app - INFO - scheduler:38 - Successfully processed symbol: ADA
2025-05-25 00:35:37,533 - scheduler_app - INFO - scheduler:35 - Processing symbol: BTC as part of hourly pipeline...
2025-05-25 00:35:37,534 - scheduler_app - INFO - scheduler:38 - Successfully processed symbol: BTC
2025-05-25 00:35:37,534 - scheduler_app - INFO - scheduler:35 - Processing symbol: DOGE as part of hourly pipeline...
2025-05-25 00:35:37,534 - scheduler_app - INFO - scheduler:38 - Successfully processed symbol: DOGE
2025-05-25 00:35:37,534 - scheduler_app - INFO - scheduler:35 - Processing symbol: ETH as part of hourly pipeline...
2025-05-25 00:35:37,536 - scheduler_app - INFO - scheduler:38 - Successfully processed symbol: ETH
2025-05-25 00:35:37,536 - scheduler_app - INFO - scheduler:35 - Processing symbol: SOL as part of hourly pipeline...
2025-05-25 00:35:37,537 - scheduler_app - INFO - scheduler:38 - Successfully processed symbol: SOL
2025-05-25 00:35:37,537 - scheduler_app - INFO - scheduler:41 - --- Hourly Data Pipeline Finished ---
2025-05-25 00:35:46,185 - scheduler_app - INFO - scheduler:26 - --- Hourly Data Pipeline Started ---
2025-05-25 00:35:46,185 - scheduler_app - INFO - scheduler:33 - Found 5 coin(s) to process: ['ADA', 'BTC', 'DOGE', 'ETH', 'SOL']
2025-05-25 00:35:46,185 - scheduler_app - INFO - scheduler:35 - Processing symbol: ADA as part of hourly pipeline...
2025-05-25 00:35:46,186 - scheduler_app - INFO - scheduler:38 - Successfully processed symbol: ADA
2025-05-25 00:35:46,186 - scheduler_app - INFO - scheduler:35 - Processing symbol: BTC as part of hourly pipeline...
2025-05-25 00:35:46,188 - scheduler_app - INFO - scheduler:38 - Successfully processed symbol: BTC
2025-05-25 00:35:46,188 - scheduler_app - INFO - scheduler:35 - Processing symbol: DOGE as part of hourly pipeline...
2025-05-25 00:35:46,188 - scheduler_app - INFO - scheduler:38 - Successfully processed symbol: DOGE
2025-05-25 00:35:46,188 - scheduler_app - INFO - scheduler:35 - Processing symbol: ETH as part of hourly pipeline...
2025-05-25 00:35:46,189 - scheduler_app - INFO - scheduler:38 - Successfully processed symbol: ETH
2025-05-25 00:35:46,190 - scheduler_app - INFO - scheduler:35 - Processing symbol: SOL as part of hourly pipeline...
2025-05-25 00:35:46,191 - scheduler_app - INFO - scheduler:38 - Successfully processed symbol: SOL
2025-05-25 00:35:46,191 - scheduler_app - INFO - scheduler:41 - --- Hourly Data Pipeline Finished ---
2025-05-25 00:36:38,044 - scheduler_app - INFO - scheduler:26 - --- Hourly Data Pipeline Started ---
2025-05-25 00:36:38,048 - scheduler_app - INFO - scheduler:33 - Found 5 coin(s) to process: ['ADA', 'BTC', 'DOGE', 'ETH', 'SOL']
2025-05-25 00:36:38,049 - scheduler_app - INFO - scheduler:35 - Processing symbol: ADA as part of hourly pipeline...
2025-05-25 00:36:38,050 - scheduler_app - INFO - scheduler:38 - Successfully processed symbol: ADA
2025-05-25 00:36:38,050 - scheduler_app - INFO - scheduler:35 - Processing symbol: BTC as part of hourly pipeline...
2025-05-25 00:36:38,053 - scheduler_app - INFO - scheduler:38 - Successfully processed symbol: BTC
2025-05-25 00:36:38,053 - scheduler_app - INFO - scheduler:35 - Processing symbol: DOGE as part of hourly pipeline...
2025-05-25 00:36:38,053 - scheduler_app - INFO - scheduler:38 - Successfully processed symbol: DOGE
2025-05-25 00:36:38,053 - scheduler_app - INFO - scheduler:35 - Processing symbol: ETH as part of hourly pipeline...
2025-05-25 00:36:38,055 - scheduler_app - INFO - scheduler:38 - Successfully processed symbol: ETH
2025-05-25 00:36:38,055 - scheduler_app - INFO - scheduler:35 - Processing symbol: SOL as part of hourly pipeline...
2025-05-25 00:36:38,056 - scheduler_app - INFO - scheduler:38 - Successfully processed symbol: SOL
2025-05-25 00:36:38,056 - scheduler_app - INFO - scheduler:41 - --- Hourly Data Pipeline Finished ---
2025-05-25 00:36:46,661 - scheduler_app - INFO - scheduler:26 - --- Hourly Data Pipeline Started ---
2025-05-25 00:36:46,662 - scheduler_app - INFO - scheduler:33 - Found 5 coin(s) to process: ['ADA', 'BTC', 'DOGE', 'ETH', 'SOL']
2025-05-25 00:36:46,662 - scheduler_app - INFO - scheduler:35 - Processing symbol: ADA as part of hourly pipeline...
2025-05-25 00:36:46,663 - scheduler_app - INFO - scheduler:38 - Successfully processed symbol: ADA
2025-05-25 00:36:46,663 - scheduler_app - INFO - scheduler:35 - Processing symbol: BTC as part of hourly pipeline...
2025-05-25 00:36:46,665 - scheduler_app - INFO - scheduler:38 - Successfully processed symbol: BTC
2025-05-25 00:36:46,665 - scheduler_app - INFO - scheduler:35 - Processing symbol: DOGE as part of hourly pipeline...
2025-05-25 00:36:46,665 - scheduler_app - INFO - scheduler:38 - Successfully processed symbol: DOGE
2025-05-25 00:36:46,665 - scheduler_app - INFO - scheduler:35 - Processing symbol: ETH as part of hourly pipeline...
2025-05-25 00:36:46,666 - scheduler_app - INFO - scheduler:38 - Successfully processed symbol: ETH
2025-05-25 00:36:46,666 - scheduler_app - INFO - scheduler:35 - Processing symbol: SOL as part of hourly pipeline...
2025-05-25 00:36:46,668 - scheduler_app - INFO - scheduler:38 - Successfully processed symbol: SOL
2025-05-25 00:36:46,668 - scheduler_app - INFO - scheduler:41 - --- Hourly Data Pipeline Finished ---
2025-05-25 00:37:38,483 - scheduler_app - INFO - scheduler:26 - --- Hourly Data Pipeline Started ---
2025-05-25 00:37:38,486 - scheduler_app - INFO - scheduler:33 - Found 5 coin(s) to process: ['ADA', 'BTC', 'DOGE', 'ETH', 'SOL']
2025-05-25 00:37:38,486 - scheduler_app - INFO - scheduler:35 - Processing symbol: ADA as part of hourly pipeline...
2025-05-25 00:37:38,487 - scheduler_app - INFO - scheduler:38 - Successfully processed symbol: ADA
2025-05-25 00:37:38,487 - scheduler_app - INFO - scheduler:35 - Processing symbol: BTC as part of hourly pipeline...
2025-05-25 00:37:38,489 - scheduler_app - INFO - scheduler:38 - Successfully processed symbol: BTC
2025-05-25 00:37:38,489 - scheduler_app - INFO - scheduler:35 - Processing symbol: DOGE as part of hourly pipeline...
2025-05-25 00:37:38,490 - scheduler_app - INFO - scheduler:38 - Successfully processed symbol: DOGE
2025-05-25 00:37:38,490 - scheduler_app - INFO - scheduler:35 - Processing symbol: ETH as part of hourly pipeline...
2025-05-25 00:37:38,491 - scheduler_app - INFO - scheduler:38 - Successfully processed symbol: ETH
2025-05-25 00:37:38,491 - scheduler_app - INFO - scheduler:35 - Processing symbol: SOL as part of hourly pipeline...
2025-05-25 00:37:38,492 - scheduler_app - INFO - scheduler:38 - Successfully processed symbol: SOL
2025-05-25 00:37:38,492 - scheduler_app - INFO - scheduler:41 - --- Hourly Data Pipeline Finished ---
2025-05-25 00:37:46,126 - scheduler_app - INFO - scheduler:44 - --- Weekly Summary Task Started ---
2025-05-25 00:37:46,127 - scheduler_app - INFO - scheduler:48 - Generating weekly summary report for week ending: 2025-05-24
2025-05-25 00:37:46,130 - scheduler_app - INFO - scheduler:50 - Successfully generated and saved weekly summary report.
2025-05-25 00:37:46,130 - scheduler_app - INFO - scheduler:53 - --- Weekly Summary Task Finished ---
2025-05-25 00:37:47,132 - scheduler_app - INFO - scheduler:26 - --- Hourly Data Pipeline Started ---
2025-05-25 00:37:47,132 - scheduler_app - INFO - scheduler:33 - Found 5 coin(s) to process: ['ADA', 'BTC', 'DOGE', 'ETH', 'SOL']
2025-05-25 00:37:47,133 - scheduler_app - INFO - scheduler:35 - Processing symbol: ADA as part of hourly pipeline...
2025-05-25 00:37:47,133 - scheduler_app - INFO - scheduler:38 - Successfully processed symbol: ADA
2025-05-25 00:37:47,133 - scheduler_app - INFO - scheduler:35 - Processing symbol: BTC as part of hourly pipeline...
2025-05-25 00:37:47,136 - scheduler_app - INFO - scheduler:38 - Successfully processed symbol: BTC
2025-05-25 00:37:47,136 - scheduler_app - INFO - scheduler:35 - Processing symbol: DOGE as part of hourly pipeline...
2025-05-25 00:37:47,136 - scheduler_app - INFO - scheduler:38 - Successfully processed symbol: DOGE
2025-05-25 00:37:47,136 - scheduler_app - INFO - scheduler:35 - Processing symbol: ETH as part of hourly pipeline...
2025-05-25 00:37:47,137 - scheduler_app - INFO - scheduler:38 - Successfully processed symbol: ETH
2025-05-25 00:37:47,137 - scheduler_app - INFO - scheduler:35 - Processing symbol: SOL as part of hourly pipeline...
2025-05-25 00:37:47,139 - scheduler_app - INFO - scheduler:38 - Successfully processed symbol: SOL
2025-05-25 00:37:47,139 - scheduler_app - INFO - scheduler:41 - --- Hourly Data Pipeline Finished ---
2025-05-25 00:38:37,987 - scheduler_app - INFO - scheduler:44 - --- Weekly Summary Task Started ---
2025-05-25 00:38:37,988 - scheduler_app - INFO - scheduler:48 - Generating weekly summary report for week ending: 2025-05-24
2025-05-25 00:38:37,992 - scheduler_app - INFO - scheduler:50 - Successfully generated and saved weekly summary report.
2025-05-25 00:38:37,992 - scheduler_app - INFO - scheduler:53 - --- Weekly Summary Task Finished ---
2025-05-25 00:38:39,003 - scheduler_app - INFO - scheduler:26 - --- Hourly Data Pipeline Started ---
2025-05-25 00:38:39,003 - scheduler_app - INFO - scheduler:33 - Found 5 coin(s) to process: ['ADA', 'BTC', 'DOGE', 'ETH', 'SOL']
2025-05-25 00:38:39,003 - scheduler_app - INFO - scheduler:35 - Processing symbol: ADA as part of hourly pipeline...
2025-05-25 00:38:39,004 - scheduler_app - INFO - scheduler:38 - Successfully processed symbol: ADA
2025-05-25 00:38:39,005 - scheduler_app - INFO - scheduler:35 - Processing symbol: BTC as part of hourly pipeline...
2025-05-25 00:38:39,006 - scheduler_app - INFO - scheduler:38 - Successfully processed symbol: BTC
2025-05-25 00:38:39,006 - scheduler_app - INFO - scheduler:35 - Processing symbol: DOGE as part of hourly pipeline...
2025-05-25 00:38:39,006 - scheduler_app - INFO - scheduler:38 - Successfully processed symbol: DOGE
2025-05-25 00:38:39,006 - scheduler_app - INFO - scheduler:35 - Processing symbol: ETH as part of hourly pipeline...
2025-05-25 00:38:39,007 - scheduler_app - INFO - scheduler:38 - Successfully processed symbol: ETH
2025-05-25 00:38:39,007 - scheduler_app - INFO - scheduler:35 - Processing symbol: SOL as part of hourly pipeline...
2025-05-25 00:38:39,009 - scheduler_app - INFO - scheduler:38 - Successfully processed symbol: SOL
2025-05-25 00:38:39,009 - scheduler_app - INFO - scheduler:41 - --- Hourly Data Pipeline Finished ---
2025-05-25 00:38:47,607 - scheduler_app - INFO - scheduler:26 - --- Hourly Data Pipeline Started ---
2025-05-25 00:38:47,608 - scheduler_app - INFO - scheduler:33 - Found 5 coin(s) to process: ['ADA', 'BTC', 'DOGE', 'ETH', 'SOL']
2025-05-25 00:38:47,608 - scheduler_app - INFO - scheduler:35 - Processing symbol: ADA as part of hourly pipeline...
2025-05-25 00:38:47,609 - scheduler_app - INFO - scheduler:38 - Successfully processed symbol: ADA
2025-05-25 00:38:47,609 - scheduler_app - INFO - scheduler:35 - Processing symbol: BTC as part of hourly pipeline...
2025-05-25 00:38:47,612 - scheduler_app - INFO - scheduler:38 - Successfully processed symbol: BTC
2025-05-25 00:38:47,612 - scheduler_app - INFO - scheduler:35 - Processing symbol: DOGE as part of hourly pipeline...
2025-05-25 00:38:47,612 - scheduler_app - INFO - scheduler:38 - Successfully processed symbol: DOGE
2025-05-25 00:38:47,612 - scheduler_app - INFO - scheduler:35 - Processing symbol: ETH as part of hourly pipeline...
2025-05-25 00:38:47,614 - scheduler_app - INFO - scheduler:38 - Successfully processed symbol: ETH
2025-05-25 00:38:47,614 - scheduler_app - INFO - scheduler:35 - Processing symbol: SOL as part of hourly pipeline...
2025-05-25 00:38:47,617 - scheduler_app - INFO - scheduler:38 - Successfully processed symbol: SOL
2025-05-25 00:38:47,617 - scheduler_app - INFO - scheduler:41 - --- Hourly Data Pipeline Finished ---
2025-05-25 00:39:39,506 - scheduler_app - INFO - scheduler:26 - --- Hourly Data Pipeline Started ---
2025-05-25 00:39:39,508 - scheduler_app - INFO - scheduler:33 - Found 5 coin(s) to process: ['ADA', 'BTC', 'DOGE', 'ETH', 'SOL']
2025-05-25 00:39:39,508 - scheduler_app - INFO - scheduler:35 - Processing symbol: ADA as part of hourly pipeline...
2025-05-25 00:39:39,508 - scheduler_app - INFO - scheduler:38 - Successfully processed symbol: ADA
2025-05-25 00:39:39,509 - scheduler_app - INFO - scheduler:35 - Processing symbol: BTC as part of hourly pipeline...
2025-05-25 00:39:39,511 - scheduler_app - INFO - scheduler:38 - Successfully processed symbol: BTC
2025-05-25 00:39:39,511 - scheduler_app - INFO - scheduler:35 - Processing symbol: DOGE as part of hourly pipeline...
2025-05-25 00:39:39,511 - scheduler_app - INFO - scheduler:38 - Successfully processed symbol: DOGE
2025-05-25 00:39:39,511 - scheduler_app - INFO - scheduler:35 - Processing symbol: ETH as part of hourly pipeline...
2025-05-25 00:39:39,513 - scheduler_app - INFO - scheduler:38 - Successfully processed symbol: ETH
2025-05-25 00:39:39,513 - scheduler_app - INFO - scheduler:35 - Processing symbol: SOL as part of hourly pipeline...
2025-05-25 00:39:39,515 - scheduler_app - INFO - scheduler:38 - Successfully processed symbol: SOL
2025-05-25 00:39:39,515 - scheduler_app - INFO - scheduler:41 - --- Hourly Data Pipeline Finished ---
2025-05-25 00:39:44,532 - scheduler_app - INFO - scheduler:86 - Scheduler stopped by user (KeyboardInterrupt).
2025-05-25 00:39:44,532 - scheduler_app - INFO - scheduler:90 - Scheduler script finished.
2025-05-25 00:40:39,754 - scheduler_app - INFO - scheduler:26 - --- Hourly Data Pipeline Started ---
2025-05-25 00:40:39,756 - scheduler_app - INFO - scheduler:33 - Found 5 coin(s) to process: ['ADA', 'BTC', 'DOGE', 'ETH', 'SOL']
2025-05-25 00:40:39,756 - scheduler_app - INFO - scheduler:35 - Processing symbol: ADA as part of hourly pipeline...
2025-05-25 00:40:39,756 - scheduler_app - INFO - scheduler:38 - Successfully processed symbol: ADA
2025-05-25 00:40:39,756 - scheduler_app - INFO - scheduler:35 - Processing symbol: BTC as part of hourly pipeline...
2025-05-25 00:40:39,758 - scheduler_app - INFO - scheduler:38 - Successfully processed symbol: BTC
2025-05-25 00:40:39,758 - scheduler_app - INFO - scheduler:35 - Processing symbol: DOGE as part of hourly pipeline...
2025-05-25 00:40:39,758 - scheduler_app - INFO - scheduler:38 - Successfully processed symbol: DOGE
2025-05-25 00:40:39,758 - scheduler_app - INFO - scheduler:35 - Processing symbol: ETH as part of hourly pipeline...
2025-05-25 00:40:39,760 - scheduler_app - INFO - scheduler:38 - Successfully processed symbol: ETH
2025-05-25 00:40:39,760 - scheduler_app - INFO - scheduler:35 - Processing symbol: SOL as part of hourly pipeline...
2025-05-25 00:40:39,761 - scheduler_app - INFO - scheduler:38 - Successfully processed symbol: SOL
2025-05-25 00:40:39,761 - scheduler_app - INFO - scheduler:41 - --- Hourly Data Pipeline Finished ---
2025-05-25 00:41:38,988 - scheduler_app - INFO - scheduler:44 - --- Weekly Summary Task Started ---
2025-05-25 00:41:38,988 - scheduler_app - INFO - scheduler:48 - Generating weekly summary report for week ending: 2025-05-24
2025-05-25 00:41:38,993 - scheduler_app - INFO - scheduler:50 - Successfully generated and saved weekly summary report.
2025-05-25 00:41:38,993 - scheduler_app - INFO - scheduler:53 - --- Weekly Summary Task Finished ---
2025-05-25 00:41:39,998 - scheduler_app - INFO - scheduler:26 - --- Hourly Data Pipeline Started ---
2025-05-25 00:41:39,999 - scheduler_app - INFO - scheduler:33 - Found 5 coin(s) to process: ['ADA', 'BTC', 'DOGE', 'ETH', 'SOL']
2025-05-25 00:41:39,999 - scheduler_app - INFO - scheduler:35 - Processing symbol: ADA as part of hourly pipeline...
2025-05-25 00:41:40,000 - scheduler_app - INFO - scheduler:38 - Successfully processed symbol: ADA
2025-05-25 00:41:40,000 - scheduler_app - INFO - scheduler:35 - Processing symbol: BTC as part of hourly pipeline...
2025-05-25 00:41:40,004 - scheduler_app - INFO - scheduler:38 - Successfully processed symbol: BTC
2025-05-25 00:41:40,004 - scheduler_app - INFO - scheduler:35 - Processing symbol: DOGE as part of hourly pipeline...
2025-05-25 00:41:40,004 - scheduler_app - INFO - scheduler:38 - Successfully processed symbol: DOGE
2025-05-25 00:41:40,004 - scheduler_app - INFO - scheduler:35 - Processing symbol: ETH as part of hourly pipeline...
2025-05-25 00:41:40,006 - scheduler_app - INFO - scheduler:38 - Successfully processed symbol: ETH
2025-05-25 00:41:40,006 - scheduler_app - INFO - scheduler:35 - Processing symbol: SOL as part of hourly pipeline...
2025-05-25 00:41:40,008 - scheduler_app - INFO - scheduler:38 - Successfully processed symbol: SOL
2025-05-25 00:41:40,008 - scheduler_app - INFO - scheduler:41 - --- Hourly Data Pipeline Finished ---
2025-05-25 00:42:40,250 - scheduler_app - INFO - scheduler:26 - --- Hourly Data Pipeline Started ---
2025-05-25 00:42:40,252 - scheduler_app - INFO - scheduler:33 - Found 5 coin(s) to process: ['ADA', 'BTC', 'DOGE', 'ETH', 'SOL']
2025-05-25 00:42:40,252 - scheduler_app - INFO - scheduler:35 - Processing symbol: ADA as part of hourly pipeline...
2025-05-25 00:42:40,252 - scheduler_app - INFO - scheduler:38 - Successfully processed symbol: ADA
2025-05-25 00:42:40,252 - scheduler_app - INFO - scheduler:35 - Processing symbol: BTC as part of hourly pipeline...
2025-05-25 00:42:40,254 - scheduler_app - INFO - scheduler:38 - Successfully processed symbol: BTC
2025-05-25 00:42:40,254 - scheduler_app - INFO - scheduler:35 - Processing symbol: DOGE as part of hourly pipeline...
2025-05-25 00:42:40,254 - scheduler_app - INFO - scheduler:38 - Successfully processed symbol: DOGE
2025-05-25 00:42:40,254 - scheduler_app - INFO - scheduler:35 - Processing symbol: ETH as part of hourly pipeline...
2025-05-25 00:42:40,255 - scheduler_app - INFO - scheduler:38 - Successfully processed symbol: ETH
2025-05-25 00:42:40,255 - scheduler_app - INFO - scheduler:35 - Processing symbol: SOL as part of hourly pipeline...
2025-05-25 00:42:40,257 - scheduler_app - INFO - scheduler:38 - Successfully processed symbol: SOL
2025-05-25 00:42:40,257 - scheduler_app - INFO - scheduler:41 - --- Hourly Data Pipeline Finished ---
2025-05-25 00:43:40,450 - scheduler_app - INFO - scheduler:26 - --- Hourly Data Pipeline Started ---
2025-05-25 00:43:40,453 - scheduler_app - INFO - scheduler:33 - Found 5 coin(s) to process: ['ADA', 'BTC', 'DOGE', 'ETH', 'SOL']
2025-05-25 00:43:40,453 - scheduler_app - INFO - scheduler:35 - Processing symbol: ADA as part of hourly pipeline...
2025-05-25 00:43:40,454 - scheduler_app - INFO - scheduler:38 - Successfully processed symbol: ADA
2025-05-25 00:43:40,454 - scheduler_app - INFO - scheduler:35 - Processing symbol: BTC as part of hourly pipeline...
2025-05-25 00:43:40,457 - scheduler_app - INFO - scheduler:38 - Successfully processed symbol: BTC
2025-05-25 00:43:40,457 - scheduler_app - INFO - scheduler:35 - Processing symbol: DOGE as part of hourly pipeline...
2025-05-25 00:43:40,458 - scheduler_app - INFO - scheduler:38 - Successfully processed symbol: DOGE
2025-05-25 00:43:40,458 - scheduler_app - INFO - scheduler:35 - Processing symbol: ETH as part of hourly pipeline...
2025-05-25 00:43:40,461 - scheduler_app - INFO - scheduler:38 - Successfully processed symbol: ETH
2025-05-25 00:43:40,461 - scheduler_app - INFO - scheduler:35 - Processing symbol: SOL as part of hourly pipeline...
2025-05-25 00:43:40,465 - scheduler_app - INFO - scheduler:38 - Successfully processed symbol: SOL
2025-05-25 00:43:40,465 - scheduler_app - INFO - scheduler:41 - --- Hourly Data Pipeline Finished ---
2025-05-25 00:44:39,664 - scheduler_app - INFO - scheduler:44 - --- Weekly Summary Task Started ---
2025-05-25 00:44:39,664 - scheduler_app - INFO - scheduler:48 - Generating weekly summary report for week ending: 2025-05-24
2025-05-25 00:44:39,675 - scheduler_app - INFO - scheduler:50 - Successfully generated and saved weekly summary report.
2025-05-25 00:44:39,675 - scheduler_app - INFO - scheduler:53 - --- Weekly Summary Task Finished ---
2025-05-25 00:44:40,680 - scheduler_app - INFO - scheduler:26 - --- Hourly Data Pipeline Started ---
2025-05-25 00:44:40,680 - scheduler_app - INFO - scheduler:33 - Found 5 coin(s) to process: ['ADA', 'BTC', 'DOGE', 'ETH', 'SOL']
2025-05-25 00:44:40,680 - scheduler_app - INFO - scheduler:35 - Processing symbol: ADA as part of hourly pipeline...
2025-05-25 00:44:40,681 - scheduler_app - INFO - scheduler:38 - Successfully processed symbol: ADA
2025-05-25 00:44:40,681 - scheduler_app - INFO - scheduler:35 - Processing symbol: BTC as part of hourly pipeline...
2025-05-25 00:44:40,682 - scheduler_app - INFO - scheduler:38 - Successfully processed symbol: BTC
2025-05-25 00:44:40,682 - scheduler_app - INFO - scheduler:35 - Processing symbol: DOGE as part of hourly pipeline...
2025-05-25 00:44:40,682 - scheduler_app - INFO - scheduler:38 - Successfully processed symbol: DOGE
2025-05-25 00:44:40,682 - scheduler_app - INFO - scheduler:35 - Processing symbol: ETH as part of hourly pipeline...
2025-05-25 00:44:40,684 - scheduler_app - INFO - scheduler:38 - Successfully processed symbol: ETH
2025-05-25 00:44:40,684 - scheduler_app - INFO - scheduler:35 - Processing symbol: SOL as part of hourly pipeline...
2025-05-25 00:44:40,685 - scheduler_app - INFO - scheduler:38 - Successfully processed symbol: SOL
2025-05-25 00:44:40,685 - scheduler_app - INFO - scheduler:41 - --- Hourly Data Pipeline Finished ---
2025-05-25 00:45:40,915 - scheduler_app - INFO - scheduler:26 - --- Hourly Data Pipeline Started ---
2025-05-25 00:45:40,917 - scheduler_app - INFO - scheduler:33 - Found 5 coin(s) to process: ['ADA', 'BTC', 'DOGE', 'ETH', 'SOL']
2025-05-25 00:45:40,917 - scheduler_app - INFO - scheduler:35 - Processing symbol: ADA as part of hourly pipeline...
2025-05-25 00:45:40,918 - scheduler_app - INFO - scheduler:38 - Successfully processed symbol: ADA
2025-05-25 00:45:40,918 - scheduler_app - INFO - scheduler:35 - Processing symbol: BTC as part of hourly pipeline...
2025-05-25 00:45:40,922 - scheduler_app - INFO - scheduler:38 - Successfully processed symbol: BTC
2025-05-25 00:45:40,922 - scheduler_app - INFO - scheduler:35 - Processing symbol: DOGE as part of hourly pipeline...
2025-05-25 00:45:40,923 - scheduler_app - INFO - scheduler:38 - Successfully processed symbol: DOGE
2025-05-25 00:45:40,923 - scheduler_app - INFO - scheduler:35 - Processing symbol: ETH as part of hourly pipeline...
2025-05-25 00:45:40,926 - scheduler_app - INFO - scheduler:38 - Successfully processed symbol: ETH
2025-05-25 00:45:40,926 - scheduler_app - INFO - scheduler:35 - Processing symbol: SOL as part of hourly pipeline...
2025-05-25 00:45:40,929 - scheduler_app - INFO - scheduler:38 - Successfully processed symbol: SOL
2025-05-25 00:45:40,929 - scheduler_app - INFO - scheduler:41 - --- Hourly Data Pipeline Finished ---
2025-05-25 00:46:41,164 - scheduler_app - INFO - scheduler:26 - --- Hourly Data Pipeline Started ---
2025-05-25 00:46:41,166 - scheduler_app - INFO - scheduler:33 - Found 5 coin(s) to process: ['ADA', 'BTC', 'DOGE', 'ETH', 'SOL']
2025-05-25 00:46:41,166 - scheduler_app - INFO - scheduler:35 - Processing symbol: ADA as part of hourly pipeline...
2025-05-25 00:46:41,166 - scheduler_app - INFO - scheduler:38 - Successfully processed symbol: ADA
2025-05-25 00:46:41,166 - scheduler_app - INFO - scheduler:35 - Processing symbol: BTC as part of hourly pipeline...
2025-05-25 00:46:41,169 - scheduler_app - INFO - scheduler:38 - Successfully processed symbol: BTC
2025-05-25 00:46:41,169 - scheduler_app - INFO - scheduler:35 - Processing symbol: DOGE as part of hourly pipeline...
2025-05-25 00:46:41,169 - scheduler_app - INFO - scheduler:38 - Successfully processed symbol: DOGE
2025-05-25 00:46:41,169 - scheduler_app - INFO - scheduler:35 - Processing symbol: ETH as part of hourly pipeline...
2025-05-25 00:46:41,170 - scheduler_app - INFO - scheduler:38 - Successfully processed symbol: ETH
2025-05-25 00:46:41,170 - scheduler_app - INFO - scheduler:35 - Processing symbol: SOL as part of hourly pipeline...
2025-05-25 00:46:41,172 - scheduler_app - INFO - scheduler:38 - Successfully processed symbol: SOL
2025-05-25 00:46:41,172 - scheduler_app - INFO - scheduler:41 - --- Hourly Data Pipeline Finished ---
2025-05-25 00:47:40,397 - scheduler_app - INFO - scheduler:44 - --- Weekly Summary Task Started ---
2025-05-25 00:47:40,398 - scheduler_app - INFO - scheduler:48 - Generating weekly summary report for week ending: 2025-05-24
2025-05-25 00:47:40,404 - scheduler_app - INFO - scheduler:50 - Successfully generated and saved weekly summary report.
2025-05-25 00:47:40,404 - scheduler_app - INFO - scheduler:53 - --- Weekly Summary Task Finished ---
2025-05-25 00:47:41,409 - scheduler_app - INFO - scheduler:26 - --- Hourly Data Pipeline Started ---
2025-05-25 00:47:41,410 - scheduler_app - INFO - scheduler:33 - Found 5 coin(s) to process: ['ADA', 'BTC', 'DOGE', 'ETH', 'SOL']
2025-05-25 00:47:41,410 - scheduler_app - INFO - scheduler:35 - Processing symbol: ADA as part of hourly pipeline...
2025-05-25 00:47:41,411 - scheduler_app - INFO - scheduler:38 - Successfully processed symbol: ADA
2025-05-25 00:47:41,411 - scheduler_app - INFO - scheduler:35 - Processing symbol: BTC as part of hourly pipeline...
2025-05-25 00:47:41,413 - scheduler_app - INFO - scheduler:38 - Successfully processed symbol: BTC
2025-05-25 00:47:41,413 - scheduler_app - INFO - scheduler:35 - Processing symbol: DOGE as part of hourly pipeline...
2025-05-25 00:47:41,413 - scheduler_app - INFO - scheduler:38 - Successfully processed symbol: DOGE
2025-05-25 00:47:41,413 - scheduler_app - INFO - scheduler:35 - Processing symbol: ETH as part of hourly pipeline...
2025-05-25 00:47:41,415 - scheduler_app - INFO - scheduler:38 - Successfully processed symbol: ETH
2025-05-25 00:47:41,415 - scheduler_app - INFO - scheduler:35 - Processing symbol: SOL as part of hourly pipeline...
2025-05-25 00:47:41,417 - scheduler_app - INFO - scheduler:38 - Successfully processed symbol: SOL
2025-05-25 00:47:41,417 - scheduler_app - INFO - scheduler:41 - --- Hourly Data Pipeline Finished ---
2025-05-25 00:48:41,643 - scheduler_app - INFO - scheduler:26 - --- Hourly Data Pipeline Started ---
2025-05-25 00:48:41,645 - scheduler_app - INFO - scheduler:33 - Found 5 coin(s) to process: ['ADA', 'BTC', 'DOGE', 'ETH', 'SOL']
2025-05-25 00:48:41,645 - scheduler_app - INFO - scheduler:35 - Processing symbol: ADA as part of hourly pipeline...
2025-05-25 00:48:41,646 - scheduler_app - INFO - scheduler:38 - Successfully processed symbol: ADA
2025-05-25 00:48:41,646 - scheduler_app - INFO - scheduler:35 - Processing symbol: BTC as part of hourly pipeline...
2025-05-25 00:48:41,649 - scheduler_app - INFO - scheduler:38 - Successfully processed symbol: BTC
2025-05-25 00:48:41,649 - scheduler_app - INFO - scheduler:35 - Processing symbol: DOGE as part of hourly pipeline...
2025-05-25 00:48:41,649 - scheduler_app - INFO - scheduler:38 - Successfully processed symbol: DOGE
2025-05-25 00:48:41,649 - scheduler_app - INFO - scheduler:35 - Processing symbol: ETH as part of hourly pipeline...
2025-05-25 00:48:41,651 - scheduler_app - INFO - scheduler:38 - Successfully processed symbol: ETH
2025-05-25 00:48:41,651 - scheduler_app - INFO - scheduler:35 - Processing symbol: SOL as part of hourly pipeline...
2025-05-25 00:48:41,652 - scheduler_app - INFO - scheduler:38 - Successfully processed symbol: SOL
2025-05-25 00:48:41,652 - scheduler_app - INFO - scheduler:41 - --- Hourly Data Pipeline Finished ---
